<?xml version="1.0" encoding="UTF-8"?>
<testsuite name="ru.stqa.pft.mantis.tests.RegistrationTests" tests="1" skipped="0" failures="1" errors="0" timestamp="2020-11-23T07:25:56" hostname="LAPTOP-4HRQGNJF" time="307.7">
  <properties/>
  <testcase name="testRegistration" classname="ru.stqa.pft.mantis.tests.RegistrationTests" time="307.7">
    <failure message="javax.mail.AuthenticationFailedException: failed to connect" type="javax.mail.AuthenticationFailedException">javax.mail.AuthenticationFailedException: failed to connect
	at javax.mail.Service.connect(Service.java:403)
	at javax.mail.Service.connect(Service.java:246)
	at ru.stqa.pft.mantis.appmanager.JamesHelper.openInbox(JamesHelper.java:136)
	at ru.stqa.pft.mantis.appmanager.JamesHelper.getAllMail(JamesHelper.java:159)
	at ru.stqa.pft.mantis.appmanager.JamesHelper.waitForMail(JamesHelper.java:145)
	at ru.stqa.pft.mantis.tests.RegistrationTests.testRegistration(RegistrationTests.java:32)
	at java.base/jdk.internal.reflect.NativeMethodAccessorImpl.invoke0(Native Method)
	at java.base/jdk.internal.reflect.NativeMethodAccessorImpl.invoke(NativeMethodAccessorImpl.java:64)
	at java.base/jdk.internal.reflect.DelegatingMethodAccessorImpl.invoke(DelegatingMethodAccessorImpl.java:43)
	at java.base/java.lang.reflect.Method.invoke(Method.java:564)
	at org.testng.internal.MethodInvocationHelper.invokeMethod(MethodInvocationHelper.java:134)
	at org.testng.internal.TestInvoker.invokeMethod(TestInvoker.java:597)
	at org.testng.internal.TestInvoker.invokeTestMethod(TestInvoker.java:173)
	at org.testng.internal.MethodRunner.runInSequence(MethodRunner.java:46)
	at org.testng.internal.TestInvoker$MethodInvocationAgent.invoke(TestInvoker.java:816)
	at org.testng.internal.TestInvoker.invokeTestMethods(TestInvoker.java:146)
	at org.testng.internal.TestMethodWorker.invokeTestMethods(TestMethodWorker.java:146)
	at org.testng.internal.TestMethodWorker.run(TestMethodWorker.java:128)
	at java.base/java.util.ArrayList.forEach(ArrayList.java:1511)
	at org.testng.TestRunner.privateRun(TestRunner.java:766)
	at org.testng.TestRunner.run(TestRunner.java:587)
	at org.testng.SuiteRunner.runTest(SuiteRunner.java:384)
	at org.testng.SuiteRunner.runSequentially(SuiteRunner.java:378)
	at org.testng.SuiteRunner.privateRun(SuiteRunner.java:337)
	at org.testng.SuiteRunner.run(SuiteRunner.java:286)
	at org.testng.SuiteRunnerWorker.runSuite(SuiteRunnerWorker.java:53)
	at org.testng.SuiteRunnerWorker.run(SuiteRunnerWorker.java:96)
	at org.testng.TestNG.runSuitesSequentially(TestNG.java:1187)
	at org.testng.TestNG.runSuitesLocally(TestNG.java:1109)
	at org.testng.TestNG.runSuites(TestNG.java:1039)
	at org.testng.TestNG.run(TestNG.java:1007)
	at org.gradle.api.internal.tasks.testing.testng.TestNGTestClassProcessor.runTests(TestNGTestClassProcessor.java:141)
	at org.gradle.api.internal.tasks.testing.testng.TestNGTestClassProcessor.stop(TestNGTestClassProcessor.java:90)
	at org.gradle.api.internal.tasks.testing.SuiteTestClassProcessor.stop(SuiteTestClassProcessor.java:61)
	at java.base/jdk.internal.reflect.NativeMethodAccessorImpl.invoke0(Native Method)
	at java.base/jdk.internal.reflect.NativeMethodAccessorImpl.invoke(NativeMethodAccessorImpl.java:64)
	at java.base/jdk.internal.reflect.DelegatingMethodAccessorImpl.invoke(DelegatingMethodAccessorImpl.java:43)
	at java.base/java.lang.reflect.Method.invoke(Method.java:564)
	at org.gradle.internal.dispatch.ReflectionDispatch.dispatch(ReflectionDispatch.java:36)
	at org.gradle.internal.dispatch.ReflectionDispatch.dispatch(ReflectionDispatch.java:24)
	at org.gradle.internal.dispatch.ContextClassLoaderDispatch.dispatch(ContextClassLoaderDispatch.java:33)
	at org.gradle.internal.dispatch.ProxyDispatchAdapter$DispatchingInvocationHandler.invoke(ProxyDispatchAdapter.java:94)
	at com.sun.proxy.$Proxy2.stop(Unknown Source)
	at org.gradle.api.internal.tasks.testing.worker.TestWorker.stop(TestWorker.java:132)
	at java.base/jdk.internal.reflect.NativeMethodAccessorImpl.invoke0(Native Method)
	at java.base/jdk.internal.reflect.NativeMethodAccessorImpl.invoke(NativeMethodAccessorImpl.java:64)
	at java.base/jdk.internal.reflect.DelegatingMethodAccessorImpl.invoke(DelegatingMethodAccessorImpl.java:43)
	at java.base/java.lang.reflect.Method.invoke(Method.java:564)
	at org.gradle.internal.dispatch.ReflectionDispatch.dispatch(ReflectionDispatch.java:36)
	at org.gradle.internal.dispatch.ReflectionDispatch.dispatch(ReflectionDispatch.java:24)
	at org.gradle.internal.remote.internal.hub.MessageHubBackedObjectConnection$DispatchWrapper.dispatch(MessageHubBackedObjectConnection.java:182)
	at org.gradle.internal.remote.internal.hub.MessageHubBackedObjectConnection$DispatchWrapper.dispatch(MessageHubBackedObjectConnection.java:164)
	at org.gradle.internal.remote.internal.hub.MessageHub$Handler.run(MessageHub.java:413)
	at org.gradle.internal.concurrent.ExecutorPolicy$CatchAndRecordFailures.onExecute(ExecutorPolicy.java:64)
	at org.gradle.internal.concurrent.ManagedExecutorImpl$1.run(ManagedExecutorImpl.java:48)
	at java.base/java.util.concurrent.ThreadPoolExecutor.runWorker(ThreadPoolExecutor.java:1130)
	at java.base/java.util.concurrent.ThreadPoolExecutor$Worker.run(ThreadPoolExecutor.java:630)
	at org.gradle.internal.concurrent.ThreadFactoryImpl$ManagedThreadRunnable.run(ThreadFactoryImpl.java:56)
	at java.base/java.lang.Thread.run(Thread.java:832)
</failure>
  </testcase>
  <system-out><![CDATA[13:26:01.689 [Test worker] DEBUG io.netty.util.internal.logging.InternalLoggerFactory - Using SLF4J as the default logging framework
13:26:01.711 [Test worker] DEBUG io.netty.util.ResourceLeakDetector - -Dio.netty.leakDetection.level: simple
13:26:01.711 [Test worker] DEBUG io.netty.util.ResourceLeakDetector - -Dio.netty.leakDetection.targetRecords: 4
13:26:01.722 [Test worker] DEBUG io.netty.util.ResourceLeakDetectorFactory - Loaded default ResourceLeakDetector: io.netty.util.ResourceLeakDetector@7c006ad8
13:26:01.780 [Test worker] DEBUG io.netty.util.internal.PlatformDependent - Platform: Windows
13:26:01.780 [Test worker] DEBUG io.netty.util.internal.PlatformDependent0 - -Dio.netty.noUnsafe: false
13:26:01.780 [Test worker] DEBUG io.netty.util.internal.PlatformDependent0 - Java version: 15
13:26:01.790 [Test worker] DEBUG io.netty.util.internal.PlatformDependent0 - sun.misc.Unsafe.theUnsafe: available
13:26:01.790 [Test worker] DEBUG io.netty.util.internal.PlatformDependent0 - sun.misc.Unsafe.copyMemory: available
13:26:01.790 [Test worker] DEBUG io.netty.util.internal.PlatformDependent0 - java.nio.Buffer.address: available
13:26:01.790 [Test worker] DEBUG io.netty.util.internal.PlatformDependent0 - direct buffer constructor: unavailable
java.lang.UnsupportedOperationException: Reflective setAccessible(true) disabled
	at io.netty.util.internal.ReflectionUtil.trySetAccessible(ReflectionUtil.java:31)
	at io.netty.util.internal.PlatformDependent0$4.run(PlatformDependent0.java:233)
	at java.base/java.security.AccessController.doPrivileged(AccessController.java:312)
	at io.netty.util.internal.PlatformDependent0.<clinit>(PlatformDependent0.java:227)
	at io.netty.util.internal.PlatformDependent.isAndroid(PlatformDependent.java:289)
	at io.netty.util.internal.PlatformDependent.<clinit>(PlatformDependent.java:92)
	at io.netty.util.HashedWheelTimer.<init>(HashedWheelTimer.java:109)
	at io.netty.util.HashedWheelTimer.<init>(HashedWheelTimer.java:218)
	at io.netty.util.HashedWheelTimer.<init>(HashedWheelTimer.java:197)
	at org.asynchttpclient.DefaultAsyncHttpClient.newNettyTimer(DefaultAsyncHttpClient.java:111)
	at org.asynchttpclient.DefaultAsyncHttpClient.<init>(DefaultAsyncHttpClient.java:90)
	at org.asynchttpclient.Dsl.asyncHttpClient(Dsl.java:32)
	at org.openqa.selenium.remote.http.netty.NettyClient.<clinit>(NettyClient.java:39)
	at org.openqa.selenium.remote.http.netty.NettyClient$Factory.createClient(NettyClient.java:86)
	at org.openqa.selenium.remote.http.HttpClient$Factory.createClient(HttpClient.java:80)
	at org.openqa.selenium.remote.HttpCommandExecutor.<init>(HttpCommandExecutor.java:89)
	at org.openqa.selenium.remote.HttpCommandExecutor.<init>(HttpCommandExecutor.java:72)
	at org.openqa.selenium.remote.service.DriverCommandExecutor.<init>(DriverCommandExecutor.java:63)
	at org.openqa.selenium.chromium.ChromiumDriverCommandExecutor.<init>(ChromiumDriverCommandExecutor.java:78)
	at org.openqa.selenium.chrome.ChromeDriver.<init>(ChromeDriver.java:163)
	at org.openqa.selenium.chrome.ChromeDriver.<init>(ChromeDriver.java:150)
	at org.openqa.selenium.chrome.ChromeDriver.<init>(ChromeDriver.java:105)
	at ru.stqa.pft.mantis.appmanager.ApplicationManager.getDriver(ApplicationManager.java:69)
	at ru.stqa.pft.mantis.appmanager.HelperBase.<init>(HelperBase.java:17)
	at ru.stqa.pft.mantis.appmanager.RegistrationHelper.<init>(RegistrationHelper.java:8)
	at ru.stqa.pft.mantis.appmanager.ApplicationManager.registration(ApplicationManager.java:52)
	at ru.stqa.pft.mantis.tests.RegistrationTests.testRegistration(RegistrationTests.java:31)
	at java.base/jdk.internal.reflect.NativeMethodAccessorImpl.invoke0(Native Method)
	at java.base/jdk.internal.reflect.NativeMethodAccessorImpl.invoke(NativeMethodAccessorImpl.java:64)
	at java.base/jdk.internal.reflect.DelegatingMethodAccessorImpl.invoke(DelegatingMethodAccessorImpl.java:43)
	at java.base/java.lang.reflect.Method.invoke(Method.java:564)
	at org.testng.internal.MethodInvocationHelper.invokeMethod(MethodInvocationHelper.java:134)
	at org.testng.internal.TestInvoker.invokeMethod(TestInvoker.java:597)
	at org.testng.internal.TestInvoker.invokeTestMethod(TestInvoker.java:173)
	at org.testng.internal.MethodRunner.runInSequence(MethodRunner.java:46)
	at org.testng.internal.TestInvoker$MethodInvocationAgent.invoke(TestInvoker.java:816)
	at org.testng.internal.TestInvoker.invokeTestMethods(TestInvoker.java:146)
	at org.testng.internal.TestMethodWorker.invokeTestMethods(TestMethodWorker.java:146)
	at org.testng.internal.TestMethodWorker.run(TestMethodWorker.java:128)
	at java.base/java.util.ArrayList.forEach(ArrayList.java:1511)
	at org.testng.TestRunner.privateRun(TestRunner.java:766)
	at org.testng.TestRunner.run(TestRunner.java:587)
	at org.testng.SuiteRunner.runTest(SuiteRunner.java:384)
	at org.testng.SuiteRunner.runSequentially(SuiteRunner.java:378)
	at org.testng.SuiteRunner.privateRun(SuiteRunner.java:337)
	at org.testng.SuiteRunner.run(SuiteRunner.java:286)
	at org.testng.SuiteRunnerWorker.runSuite(SuiteRunnerWorker.java:53)
	at org.testng.SuiteRunnerWorker.run(SuiteRunnerWorker.java:96)
	at org.testng.TestNG.runSuitesSequentially(TestNG.java:1187)
	at org.testng.TestNG.runSuitesLocally(TestNG.java:1109)
	at org.testng.TestNG.runSuites(TestNG.java:1039)
	at org.testng.TestNG.run(TestNG.java:1007)
	at org.gradle.api.internal.tasks.testing.testng.TestNGTestClassProcessor.runTests(TestNGTestClassProcessor.java:141)
	at org.gradle.api.internal.tasks.testing.testng.TestNGTestClassProcessor.stop(TestNGTestClassProcessor.java:90)
	at org.gradle.api.internal.tasks.testing.SuiteTestClassProcessor.stop(SuiteTestClassProcessor.java:61)
	at java.base/jdk.internal.reflect.NativeMethodAccessorImpl.invoke0(Native Method)
	at java.base/jdk.internal.reflect.NativeMethodAccessorImpl.invoke(NativeMethodAccessorImpl.java:64)
	at java.base/jdk.internal.reflect.DelegatingMethodAccessorImpl.invoke(DelegatingMethodAccessorImpl.java:43)
	at java.base/java.lang.reflect.Method.invoke(Method.java:564)
	at org.gradle.internal.dispatch.ReflectionDispatch.dispatch(ReflectionDispatch.java:36)
	at org.gradle.internal.dispatch.ReflectionDispatch.dispatch(ReflectionDispatch.java:24)
	at org.gradle.internal.dispatch.ContextClassLoaderDispatch.dispatch(ContextClassLoaderDispatch.java:33)
	at org.gradle.internal.dispatch.ProxyDispatchAdapter$DispatchingInvocationHandler.invoke(ProxyDispatchAdapter.java:94)
	at com.sun.proxy.$Proxy2.stop(Unknown Source)
	at org.gradle.api.internal.tasks.testing.worker.TestWorker.stop(TestWorker.java:132)
	at java.base/jdk.internal.reflect.NativeMethodAccessorImpl.invoke0(Native Method)
	at java.base/jdk.internal.reflect.NativeMethodAccessorImpl.invoke(NativeMethodAccessorImpl.java:64)
	at java.base/jdk.internal.reflect.DelegatingMethodAccessorImpl.invoke(DelegatingMethodAccessorImpl.java:43)
	at java.base/java.lang.reflect.Method.invoke(Method.java:564)
	at org.gradle.internal.dispatch.ReflectionDispatch.dispatch(ReflectionDispatch.java:36)
	at org.gradle.internal.dispatch.ReflectionDispatch.dispatch(ReflectionDispatch.java:24)
	at org.gradle.internal.remote.internal.hub.MessageHubBackedObjectConnection$DispatchWrapper.dispatch(MessageHubBackedObjectConnection.java:182)
	at org.gradle.internal.remote.internal.hub.MessageHubBackedObjectConnection$DispatchWrapper.dispatch(MessageHubBackedObjectConnection.java:164)
	at org.gradle.internal.remote.internal.hub.MessageHub$Handler.run(MessageHub.java:413)
	at org.gradle.internal.concurrent.ExecutorPolicy$CatchAndRecordFailures.onExecute(ExecutorPolicy.java:64)
	at org.gradle.internal.concurrent.ManagedExecutorImpl$1.run(ManagedExecutorImpl.java:48)
	at java.base/java.util.concurrent.ThreadPoolExecutor.runWorker(ThreadPoolExecutor.java:1130)
	at java.base/java.util.concurrent.ThreadPoolExecutor$Worker.run(ThreadPoolExecutor.java:630)
	at org.gradle.internal.concurrent.ThreadFactoryImpl$ManagedThreadRunnable.run(ThreadFactoryImpl.java:56)
	at java.base/java.lang.Thread.run(Thread.java:832)
13:26:01.808 [Test worker] DEBUG io.netty.util.internal.PlatformDependent0 - java.nio.Bits.unaligned: available, true
13:26:01.810 [Test worker] DEBUG io.netty.util.internal.PlatformDependent0 - jdk.internal.misc.Unsafe.allocateUninitializedArray(int): unavailable
java.lang.IllegalAccessException: class io.netty.util.internal.PlatformDependent0$6 cannot access class jdk.internal.misc.Unsafe (in module java.base) because module java.base does not export jdk.internal.misc to unnamed module @3fec8eb
	at java.base/jdk.internal.reflect.Reflection.newIllegalAccessException(Reflection.java:385)
	at java.base/java.lang.reflect.AccessibleObject.checkAccess(AccessibleObject.java:693)
	at java.base/java.lang.reflect.Method.invoke(Method.java:556)
	at io.netty.util.internal.PlatformDependent0$6.run(PlatformDependent0.java:347)
	at java.base/java.security.AccessController.doPrivileged(AccessController.java:312)
	at io.netty.util.internal.PlatformDependent0.<clinit>(PlatformDependent0.java:338)
	at io.netty.util.internal.PlatformDependent.isAndroid(PlatformDependent.java:289)
	at io.netty.util.internal.PlatformDependent.<clinit>(PlatformDependent.java:92)
	at io.netty.util.HashedWheelTimer.<init>(HashedWheelTimer.java:109)
	at io.netty.util.HashedWheelTimer.<init>(HashedWheelTimer.java:218)
	at io.netty.util.HashedWheelTimer.<init>(HashedWheelTimer.java:197)
	at org.asynchttpclient.DefaultAsyncHttpClient.newNettyTimer(DefaultAsyncHttpClient.java:111)
	at org.asynchttpclient.DefaultAsyncHttpClient.<init>(DefaultAsyncHttpClient.java:90)
	at org.asynchttpclient.Dsl.asyncHttpClient(Dsl.java:32)
	at org.openqa.selenium.remote.http.netty.NettyClient.<clinit>(NettyClient.java:39)
	at org.openqa.selenium.remote.http.netty.NettyClient$Factory.createClient(NettyClient.java:86)
	at org.openqa.selenium.remote.http.HttpClient$Factory.createClient(HttpClient.java:80)
	at org.openqa.selenium.remote.HttpCommandExecutor.<init>(HttpCommandExecutor.java:89)
	at org.openqa.selenium.remote.HttpCommandExecutor.<init>(HttpCommandExecutor.java:72)
	at org.openqa.selenium.remote.service.DriverCommandExecutor.<init>(DriverCommandExecutor.java:63)
	at org.openqa.selenium.chromium.ChromiumDriverCommandExecutor.<init>(ChromiumDriverCommandExecutor.java:78)
	at org.openqa.selenium.chrome.ChromeDriver.<init>(ChromeDriver.java:163)
	at org.openqa.selenium.chrome.ChromeDriver.<init>(ChromeDriver.java:150)
	at org.openqa.selenium.chrome.ChromeDriver.<init>(ChromeDriver.java:105)
	at ru.stqa.pft.mantis.appmanager.ApplicationManager.getDriver(ApplicationManager.java:69)
	at ru.stqa.pft.mantis.appmanager.HelperBase.<init>(HelperBase.java:17)
	at ru.stqa.pft.mantis.appmanager.RegistrationHelper.<init>(RegistrationHelper.java:8)
	at ru.stqa.pft.mantis.appmanager.ApplicationManager.registration(ApplicationManager.java:52)
	at ru.stqa.pft.mantis.tests.RegistrationTests.testRegistration(RegistrationTests.java:31)
	at java.base/jdk.internal.reflect.NativeMethodAccessorImpl.invoke0(Native Method)
	at java.base/jdk.internal.reflect.NativeMethodAccessorImpl.invoke(NativeMethodAccessorImpl.java:64)
	at java.base/jdk.internal.reflect.DelegatingMethodAccessorImpl.invoke(DelegatingMethodAccessorImpl.java:43)
	at java.base/java.lang.reflect.Method.invoke(Method.java:564)
	at org.testng.internal.MethodInvocationHelper.invokeMethod(MethodInvocationHelper.java:134)
	at org.testng.internal.TestInvoker.invokeMethod(TestInvoker.java:597)
	at org.testng.internal.TestInvoker.invokeTestMethod(TestInvoker.java:173)
	at org.testng.internal.MethodRunner.runInSequence(MethodRunner.java:46)
	at org.testng.internal.TestInvoker$MethodInvocationAgent.invoke(TestInvoker.java:816)
	at org.testng.internal.TestInvoker.invokeTestMethods(TestInvoker.java:146)
	at org.testng.internal.TestMethodWorker.invokeTestMethods(TestMethodWorker.java:146)
	at org.testng.internal.TestMethodWorker.run(TestMethodWorker.java:128)
	at java.base/java.util.ArrayList.forEach(ArrayList.java:1511)
	at org.testng.TestRunner.privateRun(TestRunner.java:766)
	at org.testng.TestRunner.run(TestRunner.java:587)
	at org.testng.SuiteRunner.runTest(SuiteRunner.java:384)
	at org.testng.SuiteRunner.runSequentially(SuiteRunner.java:378)
	at org.testng.SuiteRunner.privateRun(SuiteRunner.java:337)
	at org.testng.SuiteRunner.run(SuiteRunner.java:286)
	at org.testng.SuiteRunnerWorker.runSuite(SuiteRunnerWorker.java:53)
	at org.testng.SuiteRunnerWorker.run(SuiteRunnerWorker.java:96)
	at org.testng.TestNG.runSuitesSequentially(TestNG.java:1187)
	at org.testng.TestNG.runSuitesLocally(TestNG.java:1109)
	at org.testng.TestNG.runSuites(TestNG.java:1039)
	at org.testng.TestNG.run(TestNG.java:1007)
	at org.gradle.api.internal.tasks.testing.testng.TestNGTestClassProcessor.runTests(TestNGTestClassProcessor.java:141)
	at org.gradle.api.internal.tasks.testing.testng.TestNGTestClassProcessor.stop(TestNGTestClassProcessor.java:90)
	at org.gradle.api.internal.tasks.testing.SuiteTestClassProcessor.stop(SuiteTestClassProcessor.java:61)
	at java.base/jdk.internal.reflect.NativeMethodAccessorImpl.invoke0(Native Method)
	at java.base/jdk.internal.reflect.NativeMethodAccessorImpl.invoke(NativeMethodAccessorImpl.java:64)
	at java.base/jdk.internal.reflect.DelegatingMethodAccessorImpl.invoke(DelegatingMethodAccessorImpl.java:43)
	at java.base/java.lang.reflect.Method.invoke(Method.java:564)
	at org.gradle.internal.dispatch.ReflectionDispatch.dispatch(ReflectionDispatch.java:36)
	at org.gradle.internal.dispatch.ReflectionDispatch.dispatch(ReflectionDispatch.java:24)
	at org.gradle.internal.dispatch.ContextClassLoaderDispatch.dispatch(ContextClassLoaderDispatch.java:33)
	at org.gradle.internal.dispatch.ProxyDispatchAdapter$DispatchingInvocationHandler.invoke(ProxyDispatchAdapter.java:94)
	at com.sun.proxy.$Proxy2.stop(Unknown Source)
	at org.gradle.api.internal.tasks.testing.worker.TestWorker.stop(TestWorker.java:132)
	at java.base/jdk.internal.reflect.NativeMethodAccessorImpl.invoke0(Native Method)
	at java.base/jdk.internal.reflect.NativeMethodAccessorImpl.invoke(NativeMethodAccessorImpl.java:64)
	at java.base/jdk.internal.reflect.DelegatingMethodAccessorImpl.invoke(DelegatingMethodAccessorImpl.java:43)
	at java.base/java.lang.reflect.Method.invoke(Method.java:564)
	at org.gradle.internal.dispatch.ReflectionDispatch.dispatch(ReflectionDispatch.java:36)
	at org.gradle.internal.dispatch.ReflectionDispatch.dispatch(ReflectionDispatch.java:24)
	at org.gradle.internal.remote.internal.hub.MessageHubBackedObjectConnection$DispatchWrapper.dispatch(MessageHubBackedObjectConnection.java:182)
	at org.gradle.internal.remote.internal.hub.MessageHubBackedObjectConnection$DispatchWrapper.dispatch(MessageHubBackedObjectConnection.java:164)
	at org.gradle.internal.remote.internal.hub.MessageHub$Handler.run(MessageHub.java:413)
	at org.gradle.internal.concurrent.ExecutorPolicy$CatchAndRecordFailures.onExecute(ExecutorPolicy.java:64)
	at org.gradle.internal.concurrent.ManagedExecutorImpl$1.run(ManagedExecutorImpl.java:48)
	at java.base/java.util.concurrent.ThreadPoolExecutor.runWorker(ThreadPoolExecutor.java:1130)
	at java.base/java.util.concurrent.ThreadPoolExecutor$Worker.run(ThreadPoolExecutor.java:630)
	at org.gradle.internal.concurrent.ThreadFactoryImpl$ManagedThreadRunnable.run(ThreadFactoryImpl.java:56)
	at java.base/java.lang.Thread.run(Thread.java:832)
13:26:01.818 [Test worker] DEBUG io.netty.util.internal.PlatformDependent0 - java.nio.DirectByteBuffer.<init>(long, int): unavailable
13:26:01.818 [Test worker] DEBUG io.netty.util.internal.PlatformDependent - sun.misc.Unsafe: available
13:26:01.841 [Test worker] DEBUG io.netty.util.internal.PlatformDependent - maxDirectMemory: 536870912 bytes (maybe)
13:26:01.849 [Test worker] DEBUG io.netty.util.internal.PlatformDependent - -Dio.netty.tmpdir: C:\Users\balti\AppData\Local\Temp (java.io.tmpdir)
13:26:01.849 [Test worker] DEBUG io.netty.util.internal.PlatformDependent - -Dio.netty.bitMode: 64 (sun.arch.data.model)
13:26:01.851 [Test worker] DEBUG io.netty.util.internal.PlatformDependent - -Dio.netty.maxDirectMemory: -1 bytes
13:26:01.851 [Test worker] DEBUG io.netty.util.internal.PlatformDependent - -Dio.netty.uninitializedArrayAllocationThreshold: -1
13:26:01.851 [Test worker] DEBUG io.netty.util.internal.CleanerJava9 - java.nio.ByteBuffer.cleaner(): available
13:26:01.851 [Test worker] DEBUG io.netty.util.internal.PlatformDependent - -Dio.netty.noPreferDirect: false
13:26:01.871 [Test worker] DEBUG io.netty.util.internal.PlatformDependent - org.jctools-core.MpscChunkedArrayQueue: available
13:26:02.214 [Test worker] DEBUG io.netty.handler.ssl.JdkSslContext - Default protocols (JDK): [TLSv1.2, TLSv1.1, TLSv1] 
13:26:02.214 [Test worker] DEBUG io.netty.handler.ssl.JdkSslContext - Default cipher suites (JDK): [TLS_ECDHE_ECDSA_WITH_AES_256_GCM_SHA384, TLS_ECDHE_ECDSA_WITH_AES_128_GCM_SHA256, TLS_ECDHE_RSA_WITH_AES_128_GCM_SHA256, TLS_ECDHE_RSA_WITH_AES_256_GCM_SHA384, TLS_ECDHE_RSA_WITH_AES_128_CBC_SHA, TLS_ECDHE_RSA_WITH_AES_256_CBC_SHA, TLS_RSA_WITH_AES_128_GCM_SHA256, TLS_RSA_WITH_AES_128_CBC_SHA, TLS_RSA_WITH_AES_256_CBC_SHA, TLS_AES_128_GCM_SHA256, TLS_AES_256_GCM_SHA384]
13:26:02.260 [Test worker] DEBUG io.netty.util.internal.InternalThreadLocalMap - -Dio.netty.threadLocalMap.stringBuilder.initialSize: 1024
13:26:02.260 [Test worker] DEBUG io.netty.util.internal.InternalThreadLocalMap - -Dio.netty.threadLocalMap.stringBuilder.maxSize: 4096
13:26:02.276 [Test worker] DEBUG io.netty.channel.MultithreadEventLoopGroup - -Dio.netty.eventLoopThreads: 16
13:26:02.292 [Test worker] DEBUG io.netty.channel.nio.NioEventLoop - -Dio.netty.noKeySetOptimization: false
13:26:02.292 [Test worker] DEBUG io.netty.channel.nio.NioEventLoop - -Dio.netty.selectorAutoRebuildThreshold: 512
13:26:02.361 [Test worker] DEBUG io.netty.buffer.PooledByteBufAllocator - -Dio.netty.allocator.numHeapArenas: 5
13:26:02.361 [Test worker] DEBUG io.netty.buffer.PooledByteBufAllocator - -Dio.netty.allocator.numDirectArenas: 5
13:26:02.363 [Test worker] DEBUG io.netty.buffer.PooledByteBufAllocator - -Dio.netty.allocator.pageSize: 8192
13:26:02.363 [Test worker] DEBUG io.netty.buffer.PooledByteBufAllocator - -Dio.netty.allocator.maxOrder: 11
13:26:02.363 [Test worker] DEBUG io.netty.buffer.PooledByteBufAllocator - -Dio.netty.allocator.chunkSize: 16777216
13:26:02.363 [Test worker] DEBUG io.netty.buffer.PooledByteBufAllocator - -Dio.netty.allocator.tinyCacheSize: 512
13:26:02.363 [Test worker] DEBUG io.netty.buffer.PooledByteBufAllocator - -Dio.netty.allocator.smallCacheSize: 256
13:26:02.363 [Test worker] DEBUG io.netty.buffer.PooledByteBufAllocator - -Dio.netty.allocator.normalCacheSize: 64
13:26:02.363 [Test worker] DEBUG io.netty.buffer.PooledByteBufAllocator - -Dio.netty.allocator.maxCachedBufferCapacity: 32768
13:26:02.363 [Test worker] DEBUG io.netty.buffer.PooledByteBufAllocator - -Dio.netty.allocator.cacheTrimInterval: 8192
13:26:02.363 [Test worker] DEBUG io.netty.buffer.PooledByteBufAllocator - -Dio.netty.allocator.cacheTrimIntervalMillis: 0
13:26:02.363 [Test worker] DEBUG io.netty.buffer.PooledByteBufAllocator - -Dio.netty.allocator.useCacheForAllThreads: true
13:26:02.363 [Test worker] DEBUG io.netty.buffer.PooledByteBufAllocator - -Dio.netty.allocator.maxCachedByteBuffersPerChunk: 1023
13:26:02.383 [Test worker] DEBUG io.netty.buffer.ByteBufUtil - -Dio.netty.allocator.type: pooled
13:26:02.383 [Test worker] DEBUG io.netty.buffer.ByteBufUtil - -Dio.netty.threadLocalDirectBufferSize: 0
13:26:02.383 [Test worker] DEBUG io.netty.buffer.ByteBufUtil - -Dio.netty.maxThreadLocalCharBufferSize: 16384
13:26:03.661 [Forwarding newSession on session null to remote] DEBUG io.netty.channel.DefaultChannelId - -Dio.netty.processId: 13412 (auto-detected)
13:26:03.661 [Forwarding newSession on session null to remote] DEBUG io.netty.util.NetUtil - -Djava.net.preferIPv4Stack: false
13:26:03.669 [Forwarding newSession on session null to remote] DEBUG io.netty.util.NetUtil - -Djava.net.preferIPv6Addresses: false
13:26:03.682 [Forwarding newSession on session null to remote] DEBUG io.netty.util.NetUtil - Loopback interface: lo (Software Loopback Interface 1, 127.0.0.1)
13:26:03.682 [Forwarding newSession on session null to remote] DEBUG io.netty.util.NetUtil - Failed to get SOMAXCONN from sysctl and file \proc\sys\net\core\somaxconn. Default: 200
13:26:03.723 [Forwarding newSession on session null to remote] DEBUG io.netty.channel.DefaultChannelId - -Dio.netty.machineId: e4:aa:ea:ff:fe:ef:c0:23 (auto-detected)
13:26:03.840 [AsyncHttpClient-3-1] DEBUG io.netty.buffer.AbstractByteBuf - -Dio.netty.buffer.checkAccessible: true
13:26:03.840 [AsyncHttpClient-3-1] DEBUG io.netty.buffer.AbstractByteBuf - -Dio.netty.buffer.checkBounds: true
13:26:03.840 [AsyncHttpClient-3-1] DEBUG io.netty.util.ResourceLeakDetectorFactory - Loaded default ResourceLeakDetector: io.netty.util.ResourceLeakDetector@5e1f67be
13:26:03.878 [AsyncHttpClient-3-1] DEBUG org.asynchttpclient.netty.channel.NettyConnectListener - Using new Channel '[id: 0x8a0fb7dd, L:/127.0.0.1:55105 - R:localhost/127.0.0.1:20458]' for 'POST' to '/session'
13:26:03.909 [AsyncHttpClient-3-1] DEBUG io.netty.util.Recycler - -Dio.netty.recycler.maxCapacityPerThread: 4096
13:26:03.909 [AsyncHttpClient-3-1] DEBUG io.netty.util.Recycler - -Dio.netty.recycler.maxSharedCapacityFactor: 2
13:26:03.909 [AsyncHttpClient-3-1] DEBUG io.netty.util.Recycler - -Dio.netty.recycler.linkCapacity: 16
13:26:03.909 [AsyncHttpClient-3-1] DEBUG io.netty.util.Recycler - -Dio.netty.recycler.ratio: 8
13:26:06.903 [AsyncHttpClient-3-1] DEBUG org.asynchttpclient.netty.handler.HttpHandler - 

Request DefaultHttpRequest(decodeResult: success, version: HTTP/1.1)
POST /session HTTP/1.1
User-Agent: selenium/4.0.0-alpha-6 (java windows)
Content-Length: 365
Content-Type: application/json; charset=utf-8
host: localhost:20458
accept: */*

Response DefaultHttpResponse(decodeResult: success, version: HTTP/1.1)
HTTP/1.1 200 OK
Content-Length: 715
Content-Type: application/json; charset=utf-8
cache-control: no-cache

13:26:06.927 [AsyncHttpClient-3-1] DEBUG org.asynchttpclient.netty.channel.ChannelManager - Adding key: http://localhost:20458 for channel [id: 0x8a0fb7dd, L:/127.0.0.1:55105 - R:localhost/127.0.0.1:20458]
13:26:07.080 [AsyncHttpClient-3-2] DEBUG org.asynchttpclient.netty.channel.NettyConnectListener - Using new Channel '[id: 0x49dc3b34, L:/127.0.0.1:55118 - R:localhost/127.0.0.1:55108]' for 'GET' to '/json/version'
13:26:07.104 [AsyncHttpClient-3-2] DEBUG org.asynchttpclient.netty.handler.HttpHandler - 

Request DefaultFullHttpRequest(decodeResult: success, version: HTTP/1.1, content: EmptyByteBufBE)
GET /json/version HTTP/1.1
User-Agent: selenium/4.0.0-alpha-6 (java windows)
host: localhost:55108
accept: */*

Response DefaultHttpResponse(decodeResult: success, version: HTTP/1.1)
HTTP/1.1 200 OK
Content-Length: 424
Content-Type: application/json; charset=UTF-8

13:26:07.104 [AsyncHttpClient-3-2] DEBUG org.asynchttpclient.netty.channel.ChannelManager - Adding key: http://localhost:55108 for channel [id: 0x49dc3b34, L:/127.0.0.1:55118 - R:localhost/127.0.0.1:55108]
13:26:07.120 [Test worker] DEBUG io.netty.util.internal.ThreadLocalRandom - -Dio.netty.initialSeedUniquifier: 0x41855de3a9e65bd8
13:26:07.128 [AsyncHttpClient-3-3] DEBUG org.asynchttpclient.netty.channel.NettyConnectListener - Using new Channel '[id: 0xf8cc9420, L:/127.0.0.1:55119 - R:localhost/127.0.0.1:55108]' for 'GET' to '/devtools/browser/fb7835e5-7cd9-419a-b915-23668374d630'
13:26:07.152 [AsyncHttpClient-3-3] DEBUG org.asynchttpclient.netty.handler.WebSocketHandler - 

Request DefaultFullHttpRequest(decodeResult: success, version: HTTP/1.1, content: EmptyByteBufBE)
GET /devtools/browser/fb7835e5-7cd9-419a-b915-23668374d630 HTTP/1.1
upgrade: websocket
connection: upgrade
sec-websocket-key: PYtCtQXrgUQpT5Fpsu2+jg==
sec-websocket-version: 13
origin: http://localhost:55108
host: localhost:55108
accept: */*
user-agent: AHC/2.1

Response DefaultHttpResponse(decodeResult: success, version: HTTP/1.1)
HTTP/1.1 101 WebSocket Protocol Handshake
Upgrade: WebSocket
Connection: Upgrade
Sec-WebSocket-Accept: i046WTpLBJXfdTlHeXZD37Q5DNY=

13:26:07.184 [Forwarding setTimeout on session f3d145bf6d316e725e8aff66240750a4 to remote] DEBUG org.asynchttpclient.netty.request.NettyRequestSender - Using pooled Channel '[id: 0x8a0fb7dd, L:/127.0.0.1:55105 - R:localhost/127.0.0.1:20458]' for 'POST' to 'http://localhost:20458/session/f3d145bf6d316e725e8aff66240750a4/timeouts'
13:26:07.184 [Forwarding setTimeout on session f3d145bf6d316e725e8aff66240750a4 to remote] DEBUG org.asynchttpclient.netty.request.NettyRequestSender - Using open Channel [id: 0x8a0fb7dd, L:/127.0.0.1:55105 - R:localhost/127.0.0.1:20458] for POST '/session/f3d145bf6d316e725e8aff66240750a4/timeouts'
13:26:07.192 [AsyncHttpClient-3-1] DEBUG org.asynchttpclient.netty.handler.HttpHandler - 

Request DefaultHttpRequest(decodeResult: success, version: HTTP/1.1)
POST /session/f3d145bf6d316e725e8aff66240750a4/timeouts HTTP/1.1
User-Agent: selenium/4.0.0-alpha-6 (java windows)
Content-Length: 23
Content-Type: application/json; charset=utf-8
host: localhost:20458
accept: */*

Response DefaultHttpResponse(decodeResult: success, version: HTTP/1.1)
HTTP/1.1 200 OK
Content-Length: 14
Content-Type: application/json; charset=utf-8
cache-control: no-cache

13:26:07.192 [AsyncHttpClient-3-1] DEBUG org.asynchttpclient.netty.channel.ChannelManager - Adding key: http://localhost:20458 for channel [id: 0x8a0fb7dd, L:/127.0.0.1:55105 - R:localhost/127.0.0.1:20458]
13:26:07.200 [Forwarding get on session f3d145bf6d316e725e8aff66240750a4 to remote] DEBUG org.asynchttpclient.netty.request.NettyRequestSender - Using pooled Channel '[id: 0x8a0fb7dd, L:/127.0.0.1:55105 - R:localhost/127.0.0.1:20458]' for 'POST' to 'http://localhost:20458/session/f3d145bf6d316e725e8aff66240750a4/url'
13:26:07.200 [Forwarding get on session f3d145bf6d316e725e8aff66240750a4 to remote] DEBUG org.asynchttpclient.netty.request.NettyRequestSender - Using open Channel [id: 0x8a0fb7dd, L:/127.0.0.1:55105 - R:localhost/127.0.0.1:20458] for POST '/session/f3d145bf6d316e725e8aff66240750a4/url'
13:26:07.682 [AsyncHttpClient-timer-1-1] DEBUG org.asynchttpclient.netty.channel.DefaultChannelPool - Entry count for : http://localhost:55108 : 1
13:26:07.978 [AsyncHttpClient-3-1] DEBUG org.asynchttpclient.netty.handler.HttpHandler - 

Request DefaultHttpRequest(decodeResult: success, version: HTTP/1.1)
POST /session/f3d145bf6d316e725e8aff66240750a4/url HTTP/1.1
User-Agent: selenium/4.0.0-alpha-6 (java windows)
Content-Length: 62
Content-Type: application/json; charset=utf-8
host: localhost:20458
accept: */*

Response DefaultHttpResponse(decodeResult: success, version: HTTP/1.1)
HTTP/1.1 200 OK
Content-Length: 14
Content-Type: application/json; charset=utf-8
cache-control: no-cache

13:26:07.978 [AsyncHttpClient-3-1] DEBUG org.asynchttpclient.netty.channel.ChannelManager - Adding key: http://localhost:20458 for channel [id: 0x8a0fb7dd, L:/127.0.0.1:55105 - R:localhost/127.0.0.1:20458]
13:26:07.987 [Forwarding get on session f3d145bf6d316e725e8aff66240750a4 to remote] DEBUG org.asynchttpclient.netty.request.NettyRequestSender - Using pooled Channel '[id: 0x8a0fb7dd, L:/127.0.0.1:55105 - R:localhost/127.0.0.1:20458]' for 'POST' to 'http://localhost:20458/session/f3d145bf6d316e725e8aff66240750a4/url'
13:26:07.987 [Forwarding get on session f3d145bf6d316e725e8aff66240750a4 to remote] DEBUG org.asynchttpclient.netty.request.NettyRequestSender - Using open Channel [id: 0x8a0fb7dd, L:/127.0.0.1:55105 - R:localhost/127.0.0.1:20458] for POST '/session/f3d145bf6d316e725e8aff66240750a4/url'
13:26:08.223 [AsyncHttpClient-3-1] DEBUG org.asynchttpclient.netty.handler.HttpHandler - 

Request DefaultHttpRequest(decodeResult: success, version: HTTP/1.1)
POST /session/f3d145bf6d316e725e8aff66240750a4/url HTTP/1.1
User-Agent: selenium/4.0.0-alpha-6 (java windows)
Content-Length: 83
Content-Type: application/json; charset=utf-8
host: localhost:20458
accept: */*

Response DefaultHttpResponse(decodeResult: success, version: HTTP/1.1)
HTTP/1.1 200 OK
Content-Length: 14
Content-Type: application/json; charset=utf-8
cache-control: no-cache

13:26:08.223 [AsyncHttpClient-3-1] DEBUG org.asynchttpclient.netty.channel.ChannelManager - Adding key: http://localhost:20458 for channel [id: 0x8a0fb7dd, L:/127.0.0.1:55105 - R:localhost/127.0.0.1:20458]
13:26:08.231 [Forwarding findElement on session f3d145bf6d316e725e8aff66240750a4 to remote] DEBUG org.asynchttpclient.netty.request.NettyRequestSender - Using pooled Channel '[id: 0x8a0fb7dd, L:/127.0.0.1:55105 - R:localhost/127.0.0.1:20458]' for 'POST' to 'http://localhost:20458/session/f3d145bf6d316e725e8aff66240750a4/element'
13:26:08.231 [Forwarding findElement on session f3d145bf6d316e725e8aff66240750a4 to remote] DEBUG org.asynchttpclient.netty.request.NettyRequestSender - Using open Channel [id: 0x8a0fb7dd, L:/127.0.0.1:55105 - R:localhost/127.0.0.1:20458] for POST '/session/f3d145bf6d316e725e8aff66240750a4/element'
13:26:08.247 [AsyncHttpClient-3-1] DEBUG org.asynchttpclient.netty.handler.HttpHandler - 

Request DefaultHttpRequest(decodeResult: success, version: HTTP/1.1)
POST /session/f3d145bf6d316e725e8aff66240750a4/element HTTP/1.1
User-Agent: selenium/4.0.0-alpha-6 (java windows)
Content-Length: 62
Content-Type: application/json; charset=utf-8
host: localhost:20458
accept: */*

Response DefaultHttpResponse(decodeResult: success, version: HTTP/1.1)
HTTP/1.1 200 OK
Content-Length: 88
Content-Type: application/json; charset=utf-8
cache-control: no-cache

13:26:08.247 [AsyncHttpClient-3-1] DEBUG org.asynchttpclient.netty.channel.ChannelManager - Adding key: http://localhost:20458 for channel [id: 0x8a0fb7dd, L:/127.0.0.1:55105 - R:localhost/127.0.0.1:20458]
13:26:08.255 [Forwarding clickElement on session f3d145bf6d316e725e8aff66240750a4 to remote] DEBUG org.asynchttpclient.netty.request.NettyRequestSender - Using pooled Channel '[id: 0x8a0fb7dd, L:/127.0.0.1:55105 - R:localhost/127.0.0.1:20458]' for 'POST' to 'http://localhost:20458/session/f3d145bf6d316e725e8aff66240750a4/element/a153ea04-333a-42b2-aeac-764df2352146/click'
13:26:08.255 [Forwarding clickElement on session f3d145bf6d316e725e8aff66240750a4 to remote] DEBUG org.asynchttpclient.netty.request.NettyRequestSender - Using open Channel [id: 0x8a0fb7dd, L:/127.0.0.1:55105 - R:localhost/127.0.0.1:20458] for POST '/session/f3d145bf6d316e725e8aff66240750a4/element/a153ea04-333a-42b2-aeac-764df2352146/click'
13:26:08.313 [AsyncHttpClient-3-1] DEBUG org.asynchttpclient.netty.handler.HttpHandler - 

Request DefaultHttpRequest(decodeResult: success, version: HTTP/1.1)
POST /session/f3d145bf6d316e725e8aff66240750a4/element/a153ea04-333a-42b2-aeac-764df2352146/click HTTP/1.1
User-Agent: selenium/4.0.0-alpha-6 (java windows)
Content-Length: 50
Content-Type: application/json; charset=utf-8
host: localhost:20458
accept: */*

Response DefaultHttpResponse(decodeResult: success, version: HTTP/1.1)
HTTP/1.1 200 OK
Content-Length: 14
Content-Type: application/json; charset=utf-8
cache-control: no-cache

13:26:08.313 [AsyncHttpClient-3-1] DEBUG org.asynchttpclient.netty.channel.ChannelManager - Adding key: http://localhost:20458 for channel [id: 0x8a0fb7dd, L:/127.0.0.1:55105 - R:localhost/127.0.0.1:20458]
13:26:08.321 [Forwarding findElement on session f3d145bf6d316e725e8aff66240750a4 to remote] DEBUG org.asynchttpclient.netty.request.NettyRequestSender - Using pooled Channel '[id: 0x8a0fb7dd, L:/127.0.0.1:55105 - R:localhost/127.0.0.1:20458]' for 'POST' to 'http://localhost:20458/session/f3d145bf6d316e725e8aff66240750a4/element'
13:26:08.321 [Forwarding findElement on session f3d145bf6d316e725e8aff66240750a4 to remote] DEBUG org.asynchttpclient.netty.request.NettyRequestSender - Using open Channel [id: 0x8a0fb7dd, L:/127.0.0.1:55105 - R:localhost/127.0.0.1:20458] for POST '/session/f3d145bf6d316e725e8aff66240750a4/element'
13:26:08.337 [AsyncHttpClient-3-1] DEBUG org.asynchttpclient.netty.handler.HttpHandler - 

Request DefaultHttpRequest(decodeResult: success, version: HTTP/1.1)
POST /session/f3d145bf6d316e725e8aff66240750a4/element HTTP/1.1
User-Agent: selenium/4.0.0-alpha-6 (java windows)
Content-Length: 62
Content-Type: application/json; charset=utf-8
host: localhost:20458
accept: */*

Response DefaultHttpResponse(decodeResult: success, version: HTTP/1.1)
HTTP/1.1 200 OK
Content-Length: 88
Content-Type: application/json; charset=utf-8
cache-control: no-cache

13:26:08.337 [AsyncHttpClient-3-1] DEBUG org.asynchttpclient.netty.channel.ChannelManager - Adding key: http://localhost:20458 for channel [id: 0x8a0fb7dd, L:/127.0.0.1:55105 - R:localhost/127.0.0.1:20458]
13:26:08.386 [Forwarding getElementAttribute on session f3d145bf6d316e725e8aff66240750a4 to remote] DEBUG org.asynchttpclient.netty.request.NettyRequestSender - Using pooled Channel '[id: 0x8a0fb7dd, L:/127.0.0.1:55105 - R:localhost/127.0.0.1:20458]' for 'POST' to 'http://localhost:20458/session/f3d145bf6d316e725e8aff66240750a4/execute/sync'
13:26:08.386 [Forwarding getElementAttribute on session f3d145bf6d316e725e8aff66240750a4 to remote] DEBUG org.asynchttpclient.netty.request.NettyRequestSender - Using open Channel [id: 0x8a0fb7dd, L:/127.0.0.1:55105 - R:localhost/127.0.0.1:20458] for POST '/session/f3d145bf6d316e725e8aff66240750a4/execute/sync'
13:26:08.405 [AsyncHttpClient-3-1] DEBUG org.asynchttpclient.netty.handler.HttpHandler - 

Request DefaultHttpRequest(decodeResult: success, version: HTTP/1.1)
POST /session/f3d145bf6d316e725e8aff66240750a4/execute/sync HTTP/1.1
User-Agent: selenium/4.0.0-alpha-6 (java windows)
Content-Length: 39635
Content-Type: application/json; charset=utf-8
host: localhost:20458
accept: */*

Response DefaultHttpResponse(decodeResult: success, version: HTTP/1.1)
HTTP/1.1 200 OK
Content-Length: 12
Content-Type: application/json; charset=utf-8
cache-control: no-cache

13:26:08.413 [AsyncHttpClient-3-1] DEBUG org.asynchttpclient.netty.channel.ChannelManager - Adding key: http://localhost:20458 for channel [id: 0x8a0fb7dd, L:/127.0.0.1:55105 - R:localhost/127.0.0.1:20458]
13:26:08.413 [Forwarding findElement on session f3d145bf6d316e725e8aff66240750a4 to remote] DEBUG org.asynchttpclient.netty.request.NettyRequestSender - Using pooled Channel '[id: 0x8a0fb7dd, L:/127.0.0.1:55105 - R:localhost/127.0.0.1:20458]' for 'POST' to 'http://localhost:20458/session/f3d145bf6d316e725e8aff66240750a4/element'
13:26:08.413 [Forwarding findElement on session f3d145bf6d316e725e8aff66240750a4 to remote] DEBUG org.asynchttpclient.netty.request.NettyRequestSender - Using open Channel [id: 0x8a0fb7dd, L:/127.0.0.1:55105 - R:localhost/127.0.0.1:20458] for POST '/session/f3d145bf6d316e725e8aff66240750a4/element'
13:26:08.429 [AsyncHttpClient-3-1] DEBUG org.asynchttpclient.netty.handler.HttpHandler - 

Request DefaultHttpRequest(decodeResult: success, version: HTTP/1.1)
POST /session/f3d145bf6d316e725e8aff66240750a4/element HTTP/1.1
User-Agent: selenium/4.0.0-alpha-6 (java windows)
Content-Length: 62
Content-Type: application/json; charset=utf-8
host: localhost:20458
accept: */*

Response DefaultHttpResponse(decodeResult: success, version: HTTP/1.1)
HTTP/1.1 200 OK
Content-Length: 88
Content-Type: application/json; charset=utf-8
cache-control: no-cache

13:26:08.429 [AsyncHttpClient-3-1] DEBUG org.asynchttpclient.netty.channel.ChannelManager - Adding key: http://localhost:20458 for channel [id: 0x8a0fb7dd, L:/127.0.0.1:55105 - R:localhost/127.0.0.1:20458]
13:26:08.429 [Forwarding clearElement on session f3d145bf6d316e725e8aff66240750a4 to remote] DEBUG org.asynchttpclient.netty.request.NettyRequestSender - Using pooled Channel '[id: 0x8a0fb7dd, L:/127.0.0.1:55105 - R:localhost/127.0.0.1:20458]' for 'POST' to 'http://localhost:20458/session/f3d145bf6d316e725e8aff66240750a4/element/a153ea04-333a-42b2-aeac-764df2352146/clear'
13:26:08.429 [Forwarding clearElement on session f3d145bf6d316e725e8aff66240750a4 to remote] DEBUG org.asynchttpclient.netty.request.NettyRequestSender - Using open Channel [id: 0x8a0fb7dd, L:/127.0.0.1:55105 - R:localhost/127.0.0.1:20458] for POST '/session/f3d145bf6d316e725e8aff66240750a4/element/a153ea04-333a-42b2-aeac-764df2352146/clear'
13:26:08.472 [AsyncHttpClient-3-1] DEBUG org.asynchttpclient.netty.handler.HttpHandler - 

Request DefaultHttpRequest(decodeResult: success, version: HTTP/1.1)
POST /session/f3d145bf6d316e725e8aff66240750a4/element/a153ea04-333a-42b2-aeac-764df2352146/clear HTTP/1.1
User-Agent: selenium/4.0.0-alpha-6 (java windows)
Content-Length: 50
Content-Type: application/json; charset=utf-8
host: localhost:20458
accept: */*

Response DefaultHttpResponse(decodeResult: success, version: HTTP/1.1)
HTTP/1.1 200 OK
Content-Length: 14
Content-Type: application/json; charset=utf-8
cache-control: no-cache

13:26:08.472 [AsyncHttpClient-3-1] DEBUG org.asynchttpclient.netty.channel.ChannelManager - Adding key: http://localhost:20458 for channel [id: 0x8a0fb7dd, L:/127.0.0.1:55105 - R:localhost/127.0.0.1:20458]
13:26:08.483 [Forwarding findElement on session f3d145bf6d316e725e8aff66240750a4 to remote] DEBUG org.asynchttpclient.netty.request.NettyRequestSender - Using pooled Channel '[id: 0x8a0fb7dd, L:/127.0.0.1:55105 - R:localhost/127.0.0.1:20458]' for 'POST' to 'http://localhost:20458/session/f3d145bf6d316e725e8aff66240750a4/element'
13:26:08.483 [Forwarding findElement on session f3d145bf6d316e725e8aff66240750a4 to remote] DEBUG org.asynchttpclient.netty.request.NettyRequestSender - Using open Channel [id: 0x8a0fb7dd, L:/127.0.0.1:55105 - R:localhost/127.0.0.1:20458] for POST '/session/f3d145bf6d316e725e8aff66240750a4/element'
13:26:08.491 [AsyncHttpClient-3-1] DEBUG org.asynchttpclient.netty.handler.HttpHandler - 

Request DefaultHttpRequest(decodeResult: success, version: HTTP/1.1)
POST /session/f3d145bf6d316e725e8aff66240750a4/element HTTP/1.1
User-Agent: selenium/4.0.0-alpha-6 (java windows)
Content-Length: 62
Content-Type: application/json; charset=utf-8
host: localhost:20458
accept: */*

Response DefaultHttpResponse(decodeResult: success, version: HTTP/1.1)
HTTP/1.1 200 OK
Content-Length: 88
Content-Type: application/json; charset=utf-8
cache-control: no-cache

13:26:08.491 [AsyncHttpClient-3-1] DEBUG org.asynchttpclient.netty.channel.ChannelManager - Adding key: http://localhost:20458 for channel [id: 0x8a0fb7dd, L:/127.0.0.1:55105 - R:localhost/127.0.0.1:20458]
13:26:08.507 [Forwarding sendKeysToElement on session f3d145bf6d316e725e8aff66240750a4 to remote] DEBUG org.asynchttpclient.netty.request.NettyRequestSender - Using pooled Channel '[id: 0x8a0fb7dd, L:/127.0.0.1:55105 - R:localhost/127.0.0.1:20458]' for 'POST' to 'http://localhost:20458/session/f3d145bf6d316e725e8aff66240750a4/element/a153ea04-333a-42b2-aeac-764df2352146/value'
13:26:08.507 [Forwarding sendKeysToElement on session f3d145bf6d316e725e8aff66240750a4 to remote] DEBUG org.asynchttpclient.netty.request.NettyRequestSender - Using open Channel [id: 0x8a0fb7dd, L:/127.0.0.1:55105 - R:localhost/127.0.0.1:20458] for POST '/session/f3d145bf6d316e725e8aff66240750a4/element/a153ea04-333a-42b2-aeac-764df2352146/value'
13:26:08.564 [AsyncHttpClient-3-1] DEBUG org.asynchttpclient.netty.handler.HttpHandler - 

Request DefaultHttpRequest(decodeResult: success, version: HTTP/1.1)
POST /session/f3d145bf6d316e725e8aff66240750a4/element/a153ea04-333a-42b2-aeac-764df2352146/value HTTP/1.1
User-Agent: selenium/4.0.0-alpha-6 (java windows)
Content-Length: 251
Content-Type: application/json; charset=utf-8
host: localhost:20458
accept: */*

Response DefaultHttpResponse(decodeResult: success, version: HTTP/1.1)
HTTP/1.1 200 OK
Content-Length: 14
Content-Type: application/json; charset=utf-8
cache-control: no-cache

13:26:08.564 [AsyncHttpClient-3-1] DEBUG org.asynchttpclient.netty.channel.ChannelManager - Adding key: http://localhost:20458 for channel [id: 0x8a0fb7dd, L:/127.0.0.1:55105 - R:localhost/127.0.0.1:20458]
13:26:08.564 [Forwarding findElement on session f3d145bf6d316e725e8aff66240750a4 to remote] DEBUG org.asynchttpclient.netty.request.NettyRequestSender - Using pooled Channel '[id: 0x8a0fb7dd, L:/127.0.0.1:55105 - R:localhost/127.0.0.1:20458]' for 'POST' to 'http://localhost:20458/session/f3d145bf6d316e725e8aff66240750a4/element'
13:26:08.564 [Forwarding findElement on session f3d145bf6d316e725e8aff66240750a4 to remote] DEBUG org.asynchttpclient.netty.request.NettyRequestSender - Using open Channel [id: 0x8a0fb7dd, L:/127.0.0.1:55105 - R:localhost/127.0.0.1:20458] for POST '/session/f3d145bf6d316e725e8aff66240750a4/element'
13:26:08.580 [AsyncHttpClient-3-1] DEBUG org.asynchttpclient.netty.handler.HttpHandler - 

Request DefaultHttpRequest(decodeResult: success, version: HTTP/1.1)
POST /session/f3d145bf6d316e725e8aff66240750a4/element HTTP/1.1
User-Agent: selenium/4.0.0-alpha-6 (java windows)
Content-Length: 59
Content-Type: application/json; charset=utf-8
host: localhost:20458
accept: */*

Response DefaultHttpResponse(decodeResult: success, version: HTTP/1.1)
HTTP/1.1 200 OK
Content-Length: 88
Content-Type: application/json; charset=utf-8
cache-control: no-cache

13:26:08.581 [AsyncHttpClient-3-1] DEBUG org.asynchttpclient.netty.channel.ChannelManager - Adding key: http://localhost:20458 for channel [id: 0x8a0fb7dd, L:/127.0.0.1:55105 - R:localhost/127.0.0.1:20458]
13:26:08.582 [Forwarding clickElement on session f3d145bf6d316e725e8aff66240750a4 to remote] DEBUG org.asynchttpclient.netty.request.NettyRequestSender - Using pooled Channel '[id: 0x8a0fb7dd, L:/127.0.0.1:55105 - R:localhost/127.0.0.1:20458]' for 'POST' to 'http://localhost:20458/session/f3d145bf6d316e725e8aff66240750a4/element/31ae88ab-c48f-4730-9398-5020c0e74a35/click'
13:26:08.582 [Forwarding clickElement on session f3d145bf6d316e725e8aff66240750a4 to remote] DEBUG org.asynchttpclient.netty.request.NettyRequestSender - Using open Channel [id: 0x8a0fb7dd, L:/127.0.0.1:55105 - R:localhost/127.0.0.1:20458] for POST '/session/f3d145bf6d316e725e8aff66240750a4/element/31ae88ab-c48f-4730-9398-5020c0e74a35/click'
13:26:08.649 [AsyncHttpClient-3-1] DEBUG org.asynchttpclient.netty.handler.HttpHandler - 

Request DefaultHttpRequest(decodeResult: success, version: HTTP/1.1)
POST /session/f3d145bf6d316e725e8aff66240750a4/element/31ae88ab-c48f-4730-9398-5020c0e74a35/click HTTP/1.1
User-Agent: selenium/4.0.0-alpha-6 (java windows)
Content-Length: 50
Content-Type: application/json; charset=utf-8
host: localhost:20458
accept: */*

Response DefaultHttpResponse(decodeResult: success, version: HTTP/1.1)
HTTP/1.1 200 OK
Content-Length: 14
Content-Type: application/json; charset=utf-8
cache-control: no-cache

13:26:08.649 [AsyncHttpClient-3-1] DEBUG org.asynchttpclient.netty.channel.ChannelManager - Adding key: http://localhost:20458 for channel [id: 0x8a0fb7dd, L:/127.0.0.1:55105 - R:localhost/127.0.0.1:20458]
13:26:08.657 [Forwarding findElement on session f3d145bf6d316e725e8aff66240750a4 to remote] DEBUG org.asynchttpclient.netty.request.NettyRequestSender - Using pooled Channel '[id: 0x8a0fb7dd, L:/127.0.0.1:55105 - R:localhost/127.0.0.1:20458]' for 'POST' to 'http://localhost:20458/session/f3d145bf6d316e725e8aff66240750a4/element'
13:26:08.657 [Forwarding findElement on session f3d145bf6d316e725e8aff66240750a4 to remote] DEBUG org.asynchttpclient.netty.request.NettyRequestSender - Using open Channel [id: 0x8a0fb7dd, L:/127.0.0.1:55105 - R:localhost/127.0.0.1:20458] for POST '/session/f3d145bf6d316e725e8aff66240750a4/element'
13:26:08.665 [AsyncHttpClient-3-1] DEBUG org.asynchttpclient.netty.handler.HttpHandler - 

Request DefaultHttpRequest(decodeResult: success, version: HTTP/1.1)
POST /session/f3d145bf6d316e725e8aff66240750a4/element HTTP/1.1
User-Agent: selenium/4.0.0-alpha-6 (java windows)
Content-Length: 59
Content-Type: application/json; charset=utf-8
host: localhost:20458
accept: */*

Response DefaultHttpResponse(decodeResult: success, version: HTTP/1.1)
HTTP/1.1 200 OK
Content-Length: 88
Content-Type: application/json; charset=utf-8
cache-control: no-cache

13:26:08.665 [AsyncHttpClient-3-1] DEBUG org.asynchttpclient.netty.channel.ChannelManager - Adding key: http://localhost:20458 for channel [id: 0x8a0fb7dd, L:/127.0.0.1:55105 - R:localhost/127.0.0.1:20458]
13:26:08.673 [Forwarding getElementAttribute on session f3d145bf6d316e725e8aff66240750a4 to remote] DEBUG org.asynchttpclient.netty.request.NettyRequestSender - Using pooled Channel '[id: 0x8a0fb7dd, L:/127.0.0.1:55105 - R:localhost/127.0.0.1:20458]' for 'POST' to 'http://localhost:20458/session/f3d145bf6d316e725e8aff66240750a4/execute/sync'
13:26:08.673 [Forwarding getElementAttribute on session f3d145bf6d316e725e8aff66240750a4 to remote] DEBUG org.asynchttpclient.netty.request.NettyRequestSender - Using open Channel [id: 0x8a0fb7dd, L:/127.0.0.1:55105 - R:localhost/127.0.0.1:20458] for POST '/session/f3d145bf6d316e725e8aff66240750a4/execute/sync'
13:26:08.697 [AsyncHttpClient-3-1] DEBUG org.asynchttpclient.netty.handler.HttpHandler - 

Request DefaultHttpRequest(decodeResult: success, version: HTTP/1.1)
POST /session/f3d145bf6d316e725e8aff66240750a4/execute/sync HTTP/1.1
User-Agent: selenium/4.0.0-alpha-6 (java windows)
Content-Length: 39635
Content-Type: application/json; charset=utf-8
host: localhost:20458
accept: */*

Response DefaultHttpResponse(decodeResult: success, version: HTTP/1.1)
HTTP/1.1 200 OK
Content-Length: 12
Content-Type: application/json; charset=utf-8
cache-control: no-cache

13:26:08.697 [AsyncHttpClient-3-1] DEBUG org.asynchttpclient.netty.channel.ChannelManager - Adding key: http://localhost:20458 for channel [id: 0x8a0fb7dd, L:/127.0.0.1:55105 - R:localhost/127.0.0.1:20458]
13:26:08.705 [Forwarding findElement on session f3d145bf6d316e725e8aff66240750a4 to remote] DEBUG org.asynchttpclient.netty.request.NettyRequestSender - Using pooled Channel '[id: 0x8a0fb7dd, L:/127.0.0.1:55105 - R:localhost/127.0.0.1:20458]' for 'POST' to 'http://localhost:20458/session/f3d145bf6d316e725e8aff66240750a4/element'
13:26:08.705 [Forwarding findElement on session f3d145bf6d316e725e8aff66240750a4 to remote] DEBUG org.asynchttpclient.netty.request.NettyRequestSender - Using open Channel [id: 0x8a0fb7dd, L:/127.0.0.1:55105 - R:localhost/127.0.0.1:20458] for POST '/session/f3d145bf6d316e725e8aff66240750a4/element'
13:26:08.713 [AsyncHttpClient-3-1] DEBUG org.asynchttpclient.netty.handler.HttpHandler - 

Request DefaultHttpRequest(decodeResult: success, version: HTTP/1.1)
POST /session/f3d145bf6d316e725e8aff66240750a4/element HTTP/1.1
User-Agent: selenium/4.0.0-alpha-6 (java windows)
Content-Length: 59
Content-Type: application/json; charset=utf-8
host: localhost:20458
accept: */*

Response DefaultHttpResponse(decodeResult: success, version: HTTP/1.1)
HTTP/1.1 200 OK
Content-Length: 88
Content-Type: application/json; charset=utf-8
cache-control: no-cache

13:26:08.713 [AsyncHttpClient-3-1] DEBUG org.asynchttpclient.netty.channel.ChannelManager - Adding key: http://localhost:20458 for channel [id: 0x8a0fb7dd, L:/127.0.0.1:55105 - R:localhost/127.0.0.1:20458]
13:26:08.721 [Forwarding clearElement on session f3d145bf6d316e725e8aff66240750a4 to remote] DEBUG org.asynchttpclient.netty.request.NettyRequestSender - Using pooled Channel '[id: 0x8a0fb7dd, L:/127.0.0.1:55105 - R:localhost/127.0.0.1:20458]' for 'POST' to 'http://localhost:20458/session/f3d145bf6d316e725e8aff66240750a4/element/31ae88ab-c48f-4730-9398-5020c0e74a35/clear'
13:26:08.721 [Forwarding clearElement on session f3d145bf6d316e725e8aff66240750a4 to remote] DEBUG org.asynchttpclient.netty.request.NettyRequestSender - Using open Channel [id: 0x8a0fb7dd, L:/127.0.0.1:55105 - R:localhost/127.0.0.1:20458] for POST '/session/f3d145bf6d316e725e8aff66240750a4/element/31ae88ab-c48f-4730-9398-5020c0e74a35/clear'
13:26:08.753 [AsyncHttpClient-3-1] DEBUG org.asynchttpclient.netty.handler.HttpHandler - 

Request DefaultHttpRequest(decodeResult: success, version: HTTP/1.1)
POST /session/f3d145bf6d316e725e8aff66240750a4/element/31ae88ab-c48f-4730-9398-5020c0e74a35/clear HTTP/1.1
User-Agent: selenium/4.0.0-alpha-6 (java windows)
Content-Length: 50
Content-Type: application/json; charset=utf-8
host: localhost:20458
accept: */*

Response DefaultHttpResponse(decodeResult: success, version: HTTP/1.1)
HTTP/1.1 200 OK
Content-Length: 14
Content-Type: application/json; charset=utf-8
cache-control: no-cache

13:26:08.753 [AsyncHttpClient-3-1] DEBUG org.asynchttpclient.netty.channel.ChannelManager - Adding key: http://localhost:20458 for channel [id: 0x8a0fb7dd, L:/127.0.0.1:55105 - R:localhost/127.0.0.1:20458]
13:26:08.761 [Forwarding findElement on session f3d145bf6d316e725e8aff66240750a4 to remote] DEBUG org.asynchttpclient.netty.request.NettyRequestSender - Using pooled Channel '[id: 0x8a0fb7dd, L:/127.0.0.1:55105 - R:localhost/127.0.0.1:20458]' for 'POST' to 'http://localhost:20458/session/f3d145bf6d316e725e8aff66240750a4/element'
13:26:08.761 [Forwarding findElement on session f3d145bf6d316e725e8aff66240750a4 to remote] DEBUG org.asynchttpclient.netty.request.NettyRequestSender - Using open Channel [id: 0x8a0fb7dd, L:/127.0.0.1:55105 - R:localhost/127.0.0.1:20458] for POST '/session/f3d145bf6d316e725e8aff66240750a4/element'
13:26:08.778 [AsyncHttpClient-3-1] DEBUG org.asynchttpclient.netty.handler.HttpHandler - 

Request DefaultHttpRequest(decodeResult: success, version: HTTP/1.1)
POST /session/f3d145bf6d316e725e8aff66240750a4/element HTTP/1.1
User-Agent: selenium/4.0.0-alpha-6 (java windows)
Content-Length: 59
Content-Type: application/json; charset=utf-8
host: localhost:20458
accept: */*

Response DefaultHttpResponse(decodeResult: success, version: HTTP/1.1)
HTTP/1.1 200 OK
Content-Length: 88
Content-Type: application/json; charset=utf-8
cache-control: no-cache

13:26:08.778 [AsyncHttpClient-3-1] DEBUG org.asynchttpclient.netty.channel.ChannelManager - Adding key: http://localhost:20458 for channel [id: 0x8a0fb7dd, L:/127.0.0.1:55105 - R:localhost/127.0.0.1:20458]
13:26:08.778 [Forwarding sendKeysToElement on session f3d145bf6d316e725e8aff66240750a4 to remote] DEBUG org.asynchttpclient.netty.request.NettyRequestSender - Using pooled Channel '[id: 0x8a0fb7dd, L:/127.0.0.1:55105 - R:localhost/127.0.0.1:20458]' for 'POST' to 'http://localhost:20458/session/f3d145bf6d316e725e8aff66240750a4/element/31ae88ab-c48f-4730-9398-5020c0e74a35/value'
13:26:08.778 [Forwarding sendKeysToElement on session f3d145bf6d316e725e8aff66240750a4 to remote] DEBUG org.asynchttpclient.netty.request.NettyRequestSender - Using open Channel [id: 0x8a0fb7dd, L:/127.0.0.1:55105 - R:localhost/127.0.0.1:20458] for POST '/session/f3d145bf6d316e725e8aff66240750a4/element/31ae88ab-c48f-4730-9398-5020c0e74a35/value'
13:26:08.789 [AsyncHttpClient-timer-1-1] DEBUG org.asynchttpclient.netty.channel.DefaultChannelPool - Entry count for : http://localhost:55108 : 1
13:26:08.856 [AsyncHttpClient-3-1] DEBUG org.asynchttpclient.netty.handler.HttpHandler - 

Request DefaultHttpRequest(decodeResult: success, version: HTTP/1.1)
POST /session/f3d145bf6d316e725e8aff66240750a4/element/31ae88ab-c48f-4730-9398-5020c0e74a35/value HTTP/1.1
User-Agent: selenium/4.0.0-alpha-6 (java windows)
Content-Length: 351
Content-Type: application/json; charset=utf-8
host: localhost:20458
accept: */*

Response DefaultHttpResponse(decodeResult: success, version: HTTP/1.1)
HTTP/1.1 200 OK
Content-Length: 14
Content-Type: application/json; charset=utf-8
cache-control: no-cache

13:26:08.856 [AsyncHttpClient-3-1] DEBUG org.asynchttpclient.netty.channel.ChannelManager - Adding key: http://localhost:20458 for channel [id: 0x8a0fb7dd, L:/127.0.0.1:55105 - R:localhost/127.0.0.1:20458]
13:26:08.856 [Forwarding findElement on session f3d145bf6d316e725e8aff66240750a4 to remote] DEBUG org.asynchttpclient.netty.request.NettyRequestSender - Using pooled Channel '[id: 0x8a0fb7dd, L:/127.0.0.1:55105 - R:localhost/127.0.0.1:20458]' for 'POST' to 'http://localhost:20458/session/f3d145bf6d316e725e8aff66240750a4/element'
13:26:08.856 [Forwarding findElement on session f3d145bf6d316e725e8aff66240750a4 to remote] DEBUG org.asynchttpclient.netty.request.NettyRequestSender - Using open Channel [id: 0x8a0fb7dd, L:/127.0.0.1:55105 - R:localhost/127.0.0.1:20458] for POST '/session/f3d145bf6d316e725e8aff66240750a4/element'
13:26:08.876 [AsyncHttpClient-3-1] DEBUG org.asynchttpclient.netty.handler.HttpHandler - 

Request DefaultHttpRequest(decodeResult: success, version: HTTP/1.1)
POST /session/f3d145bf6d316e725e8aff66240750a4/element HTTP/1.1
User-Agent: selenium/4.0.0-alpha-6 (java windows)
Content-Length: 65
Content-Type: application/json; charset=utf-8
host: localhost:20458
accept: */*

Response DefaultHttpResponse(decodeResult: success, version: HTTP/1.1)
HTTP/1.1 200 OK
Content-Length: 88
Content-Type: application/json; charset=utf-8
cache-control: no-cache

13:26:08.877 [AsyncHttpClient-3-1] DEBUG org.asynchttpclient.netty.channel.ChannelManager - Adding key: http://localhost:20458 for channel [id: 0x8a0fb7dd, L:/127.0.0.1:55105 - R:localhost/127.0.0.1:20458]
13:26:08.880 [Forwarding clickElement on session f3d145bf6d316e725e8aff66240750a4 to remote] DEBUG org.asynchttpclient.netty.request.NettyRequestSender - Using pooled Channel '[id: 0x8a0fb7dd, L:/127.0.0.1:55105 - R:localhost/127.0.0.1:20458]' for 'POST' to 'http://localhost:20458/session/f3d145bf6d316e725e8aff66240750a4/element/7db3d153-f00e-4608-b169-27606eff9144/click'
13:26:08.880 [Forwarding clickElement on session f3d145bf6d316e725e8aff66240750a4 to remote] DEBUG org.asynchttpclient.netty.request.NettyRequestSender - Using open Channel [id: 0x8a0fb7dd, L:/127.0.0.1:55105 - R:localhost/127.0.0.1:20458] for POST '/session/f3d145bf6d316e725e8aff66240750a4/element/7db3d153-f00e-4608-b169-27606eff9144/click'
13:26:09.882 [AsyncHttpClient-timer-1-1] DEBUG org.asynchttpclient.netty.channel.DefaultChannelPool - Entry count for : http://localhost:55108 : 1
13:26:10.982 [AsyncHttpClient-timer-1-1] DEBUG org.asynchttpclient.netty.channel.DefaultChannelPool - Entry count for : http://localhost:55108 : 1
13:26:12.087 [AsyncHttpClient-timer-1-1] DEBUG org.asynchttpclient.netty.channel.DefaultChannelPool - Entry count for : http://localhost:55108 : 1
13:26:13.184 [AsyncHttpClient-timer-1-1] DEBUG org.asynchttpclient.netty.channel.DefaultChannelPool - Entry count for : http://localhost:55108 : 1
13:26:13.655 [AsyncHttpClient-3-1] DEBUG org.asynchttpclient.netty.handler.HttpHandler - 

Request DefaultHttpRequest(decodeResult: success, version: HTTP/1.1)
POST /session/f3d145bf6d316e725e8aff66240750a4/element/7db3d153-f00e-4608-b169-27606eff9144/click HTTP/1.1
User-Agent: selenium/4.0.0-alpha-6 (java windows)
Content-Length: 50
Content-Type: application/json; charset=utf-8
host: localhost:20458
accept: */*

Response DefaultHttpResponse(decodeResult: success, version: HTTP/1.1)
HTTP/1.1 200 OK
Content-Length: 14
Content-Type: application/json; charset=utf-8
cache-control: no-cache

13:26:13.655 [AsyncHttpClient-3-1] DEBUG org.asynchttpclient.netty.channel.ChannelManager - Adding key: http://localhost:20458 for channel [id: 0x8a0fb7dd, L:/127.0.0.1:55105 - R:localhost/127.0.0.1:20458]
13:30:52.838 [AsyncHttpClient-3-3] DEBUG org.asynchttpclient.netty.handler.WebSocketHandler - Channel Closed: [id: 0xf8cc9420, L:/127.0.0.1:55119 ! R:localhost/127.0.0.1:55108] with attribute NettyResponseFuture{currentRetry=5,
	isDone=1,
	isCancelled=0,
	asyncHandler=org.asynchttpclient.ws.WebSocketUpgradeHandler@3e7e3ecf,
	nettyRequest=org.asynchttpclient.netty.request.NettyRequest@47552d62,
	future=java.util.concurrent.CompletableFuture@27bd4a9f[Completed normally],
	uri=ws://localhost:55108/devtools/browser/fb7835e5-7cd9-419a-b915-23668374d630,
	keepAlive=true,
	redirectCount=0,
	timeoutsHolder=null,
	inAuth=0,
	touch=1606116367176}
13:30:52.840 [AsyncHttpClient-timer-1-1] DEBUG org.asynchttpclient.netty.channel.DefaultChannelPool - Entry count for : http://localhost:55108 : 1
13:30:52.843 [AsyncHttpClient-timer-1-1] DEBUG org.asynchttpclient.netty.channel.DefaultChannelPool - Entry count for : http://localhost:20458 : 1
13:30:52.843 [AsyncHttpClient-3-2] DEBUG org.asynchttpclient.netty.handler.HttpHandler - Channel Closed: [id: 0x49dc3b34, L:/127.0.0.1:55118 ! R:localhost/127.0.0.1:55108] with attribute DISCARD
13:30:52.843 [AsyncHttpClient-timer-1-1] DEBUG org.asynchttpclient.netty.channel.DefaultChannelPool - Adding Candidate expired Channel [id: 0x49dc3b34, L:/127.0.0.1:55118 ! R:localhost/127.0.0.1:55108] isIdleTimeoutExpired=true isRemotelyClosed=true isTtlExpired=false
13:30:52.843 [AsyncHttpClient-timer-1-1] DEBUG org.asynchttpclient.netty.channel.DefaultChannelPool - Closing Idle Channel [id: 0x49dc3b34, L:/127.0.0.1:55118 ! R:localhost/127.0.0.1:55108]
13:30:52.843 [AsyncHttpClient-timer-1-1] DEBUG org.asynchttpclient.netty.channel.DefaultChannelPool - Adding Candidate expired Channel [id: 0x8a0fb7dd, L:/127.0.0.1:55105 - R:localhost/127.0.0.1:20458] isIdleTimeoutExpired=true isRemotelyClosed=false isTtlExpired=false
13:30:52.843 [AsyncHttpClient-timer-1-1] DEBUG org.asynchttpclient.netty.channel.DefaultChannelPool - Closing Idle Channel [id: 0x8a0fb7dd, L:/127.0.0.1:55105 - R:localhost/127.0.0.1:20458]
13:30:52.851 [AsyncHttpClient-timer-1-1] DEBUG org.asynchttpclient.netty.channel.DefaultChannelPool - Closed 2 connections out of 2 in 8 ms
13:30:52.851 [AsyncHttpClient-3-1] DEBUG org.asynchttpclient.netty.handler.HttpHandler - Channel Closed: [id: 0x8a0fb7dd, L:/127.0.0.1:55105 ! R:localhost/127.0.0.1:20458] with attribute DISCARD
13:30:52.851 [AsyncHttpClient-3-3] DEBUG org.asynchttpclient.netty.channel.ChannelManager - Closing Channel [id: 0xf8cc9420, L:/127.0.0.1:55119 ! R:localhost/127.0.0.1:55108] 
]]></system-out>
  <system-err><![CDATA[Starting ChromeDriver 86.0.4240.22 (398b0743353ff36fb1b82468f63a3a93b4e2e89e-refs/branch-heads/4240@{#378}) on port 20458
Only local connections are allowed.
Please see https://chromedriver.chromium.org/security-considerations for suggestions on keeping ChromeDriver safe.
ChromeDriver was started successfully.
[1606116364.844][WARNING]: This version of ChromeDriver has not been tested with Chrome version 87.
нояб. 23, 2020 1:26:06 PM org.openqa.selenium.remote.ProtocolHandshake createSession
INFO: Detected dialect: W3C
]]></system-err>
</testsuite>
