<?xml version="1.0" encoding="UTF-8"?>
<testsuite name="ru.stqa.pft.mantis.tests.PasswordChangeTests" tests="1" skipped="0" failures="1" errors="0" timestamp="2020-11-26T09:07:05" hostname="LAPTOP-4HRQGNJF" time="62.483">
  <properties/>
  <testcase name="passwordChange" classname="ru.stqa.pft.mantis.tests.PasswordChangeTests" time="62.483">
    <failure message="java.lang.Error: No mail :(" type="java.lang.Error">java.lang.Error: No mail :(
	at ru.stqa.pft.mantis.appmanager.MailHelper.waitForMail(MailHelper.java:35)
	at ru.stqa.pft.mantis.tests.PasswordChangeTests.passwordChange(PasswordChangeTests.java:25)
	at java.base/jdk.internal.reflect.NativeMethodAccessorImpl.invoke0(Native Method)
	at java.base/jdk.internal.reflect.NativeMethodAccessorImpl.invoke(NativeMethodAccessorImpl.java:64)
	at java.base/jdk.internal.reflect.DelegatingMethodAccessorImpl.invoke(DelegatingMethodAccessorImpl.java:43)
	at java.base/java.lang.reflect.Method.invoke(Method.java:564)
	at org.testng.internal.MethodInvocationHelper.invokeMethod(MethodInvocationHelper.java:134)
	at org.testng.internal.TestInvoker.invokeMethod(TestInvoker.java:597)
	at org.testng.internal.TestInvoker.invokeTestMethod(TestInvoker.java:173)
	at org.testng.internal.MethodRunner.runInSequence(MethodRunner.java:46)
	at org.testng.internal.TestInvoker$MethodInvocationAgent.invoke(TestInvoker.java:816)
	at org.testng.internal.TestInvoker.invokeTestMethods(TestInvoker.java:146)
	at org.testng.internal.TestMethodWorker.invokeTestMethods(TestMethodWorker.java:146)
	at org.testng.internal.TestMethodWorker.run(TestMethodWorker.java:128)
	at java.base/java.util.ArrayList.forEach(ArrayList.java:1511)
	at org.testng.TestRunner.privateRun(TestRunner.java:766)
	at org.testng.TestRunner.run(TestRunner.java:587)
	at org.testng.SuiteRunner.runTest(SuiteRunner.java:384)
	at org.testng.SuiteRunner.runSequentially(SuiteRunner.java:378)
	at org.testng.SuiteRunner.privateRun(SuiteRunner.java:337)
	at org.testng.SuiteRunner.run(SuiteRunner.java:286)
	at org.testng.SuiteRunnerWorker.runSuite(SuiteRunnerWorker.java:53)
	at org.testng.SuiteRunnerWorker.run(SuiteRunnerWorker.java:96)
	at org.testng.TestNG.runSuitesSequentially(TestNG.java:1187)
	at org.testng.TestNG.runSuitesLocally(TestNG.java:1109)
	at org.testng.TestNG.runSuites(TestNG.java:1039)
	at org.testng.TestNG.run(TestNG.java:1007)
	at org.gradle.api.internal.tasks.testing.testng.TestNGTestClassProcessor.runTests(TestNGTestClassProcessor.java:141)
	at org.gradle.api.internal.tasks.testing.testng.TestNGTestClassProcessor.stop(TestNGTestClassProcessor.java:90)
	at org.gradle.api.internal.tasks.testing.SuiteTestClassProcessor.stop(SuiteTestClassProcessor.java:61)
	at java.base/jdk.internal.reflect.NativeMethodAccessorImpl.invoke0(Native Method)
	at java.base/jdk.internal.reflect.NativeMethodAccessorImpl.invoke(NativeMethodAccessorImpl.java:64)
	at java.base/jdk.internal.reflect.DelegatingMethodAccessorImpl.invoke(DelegatingMethodAccessorImpl.java:43)
	at java.base/java.lang.reflect.Method.invoke(Method.java:564)
	at org.gradle.internal.dispatch.ReflectionDispatch.dispatch(ReflectionDispatch.java:36)
	at org.gradle.internal.dispatch.ReflectionDispatch.dispatch(ReflectionDispatch.java:24)
	at org.gradle.internal.dispatch.ContextClassLoaderDispatch.dispatch(ContextClassLoaderDispatch.java:33)
	at org.gradle.internal.dispatch.ProxyDispatchAdapter$DispatchingInvocationHandler.invoke(ProxyDispatchAdapter.java:94)
	at com.sun.proxy.$Proxy2.stop(Unknown Source)
	at org.gradle.api.internal.tasks.testing.worker.TestWorker.stop(TestWorker.java:132)
	at java.base/jdk.internal.reflect.NativeMethodAccessorImpl.invoke0(Native Method)
	at java.base/jdk.internal.reflect.NativeMethodAccessorImpl.invoke(NativeMethodAccessorImpl.java:64)
	at java.base/jdk.internal.reflect.DelegatingMethodAccessorImpl.invoke(DelegatingMethodAccessorImpl.java:43)
	at java.base/java.lang.reflect.Method.invoke(Method.java:564)
	at org.gradle.internal.dispatch.ReflectionDispatch.dispatch(ReflectionDispatch.java:36)
	at org.gradle.internal.dispatch.ReflectionDispatch.dispatch(ReflectionDispatch.java:24)
	at org.gradle.internal.remote.internal.hub.MessageHubBackedObjectConnection$DispatchWrapper.dispatch(MessageHubBackedObjectConnection.java:182)
	at org.gradle.internal.remote.internal.hub.MessageHubBackedObjectConnection$DispatchWrapper.dispatch(MessageHubBackedObjectConnection.java:164)
	at org.gradle.internal.remote.internal.hub.MessageHub$Handler.run(MessageHub.java:413)
	at org.gradle.internal.concurrent.ExecutorPolicy$CatchAndRecordFailures.onExecute(ExecutorPolicy.java:64)
	at org.gradle.internal.concurrent.ManagedExecutorImpl$1.run(ManagedExecutorImpl.java:48)
	at java.base/java.util.concurrent.ThreadPoolExecutor.runWorker(ThreadPoolExecutor.java:1130)
	at java.base/java.util.concurrent.ThreadPoolExecutor$Worker.run(ThreadPoolExecutor.java:630)
	at org.gradle.internal.concurrent.ThreadFactoryImpl$ManagedThreadRunnable.run(ThreadFactoryImpl.java:56)
	at java.base/java.lang.Thread.run(Thread.java:832)
</failure>
  </testcase>
  <system-out><![CDATA[15:07:06.281 [Test worker] DEBUG io.netty.util.internal.logging.InternalLoggerFactory - Using SLF4J as the default logging framework
15:07:06.304 [Test worker] DEBUG io.netty.util.ResourceLeakDetector - -Dio.netty.leakDetection.level: simple
15:07:06.305 [Test worker] DEBUG io.netty.util.ResourceLeakDetector - -Dio.netty.leakDetection.targetRecords: 4
15:07:06.311 [Test worker] DEBUG io.netty.util.ResourceLeakDetectorFactory - Loaded default ResourceLeakDetector: io.netty.util.ResourceLeakDetector@74c6b7d3
15:07:06.336 [Test worker] DEBUG io.netty.util.internal.PlatformDependent - Platform: Windows
15:07:06.339 [Test worker] DEBUG io.netty.util.internal.PlatformDependent0 - -Dio.netty.noUnsafe: false
15:07:06.339 [Test worker] DEBUG io.netty.util.internal.PlatformDependent0 - Java version: 15
15:07:06.345 [Test worker] DEBUG io.netty.util.internal.PlatformDependent0 - sun.misc.Unsafe.theUnsafe: available
15:07:06.347 [Test worker] DEBUG io.netty.util.internal.PlatformDependent0 - sun.misc.Unsafe.copyMemory: available
15:07:06.349 [Test worker] DEBUG io.netty.util.internal.PlatformDependent0 - java.nio.Buffer.address: available
15:07:06.352 [Test worker] DEBUG io.netty.util.internal.PlatformDependent0 - direct buffer constructor: unavailable
java.lang.UnsupportedOperationException: Reflective setAccessible(true) disabled
	at io.netty.util.internal.ReflectionUtil.trySetAccessible(ReflectionUtil.java:31)
	at io.netty.util.internal.PlatformDependent0$4.run(PlatformDependent0.java:233)
	at java.base/java.security.AccessController.doPrivileged(AccessController.java:312)
	at io.netty.util.internal.PlatformDependent0.<clinit>(PlatformDependent0.java:227)
	at io.netty.util.internal.PlatformDependent.isAndroid(PlatformDependent.java:289)
	at io.netty.util.internal.PlatformDependent.<clinit>(PlatformDependent.java:92)
	at io.netty.util.HashedWheelTimer.<init>(HashedWheelTimer.java:109)
	at io.netty.util.HashedWheelTimer.<init>(HashedWheelTimer.java:218)
	at io.netty.util.HashedWheelTimer.<init>(HashedWheelTimer.java:197)
	at org.asynchttpclient.DefaultAsyncHttpClient.newNettyTimer(DefaultAsyncHttpClient.java:111)
	at org.asynchttpclient.DefaultAsyncHttpClient.<init>(DefaultAsyncHttpClient.java:90)
	at org.asynchttpclient.Dsl.asyncHttpClient(Dsl.java:32)
	at org.openqa.selenium.remote.http.netty.NettyClient.<clinit>(NettyClient.java:39)
	at org.openqa.selenium.remote.http.netty.NettyClient$Factory.createClient(NettyClient.java:86)
	at org.openqa.selenium.remote.http.HttpClient$Factory.createClient(HttpClient.java:80)
	at org.openqa.selenium.remote.HttpCommandExecutor.<init>(HttpCommandExecutor.java:89)
	at org.openqa.selenium.remote.HttpCommandExecutor.<init>(HttpCommandExecutor.java:72)
	at org.openqa.selenium.remote.service.DriverCommandExecutor.<init>(DriverCommandExecutor.java:63)
	at org.openqa.selenium.chromium.ChromiumDriverCommandExecutor.<init>(ChromiumDriverCommandExecutor.java:78)
	at org.openqa.selenium.chrome.ChromeDriver.<init>(ChromeDriver.java:163)
	at org.openqa.selenium.chrome.ChromeDriver.<init>(ChromeDriver.java:150)
	at org.openqa.selenium.chrome.ChromeDriver.<init>(ChromeDriver.java:105)
	at ru.stqa.pft.mantis.appmanager.ApplicationManager.getDriver(ApplicationManager.java:70)
	at ru.stqa.pft.mantis.appmanager.HelperBase.<init>(HelperBase.java:17)
	at ru.stqa.pft.mantis.appmanager.PasswordChangeHelper.<init>(PasswordChangeHelper.java:8)
	at ru.stqa.pft.mantis.appmanager.ApplicationManager.passChange(ApplicationManager.java:96)
	at ru.stqa.pft.mantis.tests.PasswordChangeTests.passwordChange(PasswordChangeTests.java:23)
	at java.base/jdk.internal.reflect.NativeMethodAccessorImpl.invoke0(Native Method)
	at java.base/jdk.internal.reflect.NativeMethodAccessorImpl.invoke(NativeMethodAccessorImpl.java:64)
	at java.base/jdk.internal.reflect.DelegatingMethodAccessorImpl.invoke(DelegatingMethodAccessorImpl.java:43)
	at java.base/java.lang.reflect.Method.invoke(Method.java:564)
	at org.testng.internal.MethodInvocationHelper.invokeMethod(MethodInvocationHelper.java:134)
	at org.testng.internal.TestInvoker.invokeMethod(TestInvoker.java:597)
	at org.testng.internal.TestInvoker.invokeTestMethod(TestInvoker.java:173)
	at org.testng.internal.MethodRunner.runInSequence(MethodRunner.java:46)
	at org.testng.internal.TestInvoker$MethodInvocationAgent.invoke(TestInvoker.java:816)
	at org.testng.internal.TestInvoker.invokeTestMethods(TestInvoker.java:146)
	at org.testng.internal.TestMethodWorker.invokeTestMethods(TestMethodWorker.java:146)
	at org.testng.internal.TestMethodWorker.run(TestMethodWorker.java:128)
	at java.base/java.util.ArrayList.forEach(ArrayList.java:1511)
	at org.testng.TestRunner.privateRun(TestRunner.java:766)
	at org.testng.TestRunner.run(TestRunner.java:587)
	at org.testng.SuiteRunner.runTest(SuiteRunner.java:384)
	at org.testng.SuiteRunner.runSequentially(SuiteRunner.java:378)
	at org.testng.SuiteRunner.privateRun(SuiteRunner.java:337)
	at org.testng.SuiteRunner.run(SuiteRunner.java:286)
	at org.testng.SuiteRunnerWorker.runSuite(SuiteRunnerWorker.java:53)
	at org.testng.SuiteRunnerWorker.run(SuiteRunnerWorker.java:96)
	at org.testng.TestNG.runSuitesSequentially(TestNG.java:1187)
	at org.testng.TestNG.runSuitesLocally(TestNG.java:1109)
	at org.testng.TestNG.runSuites(TestNG.java:1039)
	at org.testng.TestNG.run(TestNG.java:1007)
	at org.gradle.api.internal.tasks.testing.testng.TestNGTestClassProcessor.runTests(TestNGTestClassProcessor.java:141)
	at org.gradle.api.internal.tasks.testing.testng.TestNGTestClassProcessor.stop(TestNGTestClassProcessor.java:90)
	at org.gradle.api.internal.tasks.testing.SuiteTestClassProcessor.stop(SuiteTestClassProcessor.java:61)
	at java.base/jdk.internal.reflect.NativeMethodAccessorImpl.invoke0(Native Method)
	at java.base/jdk.internal.reflect.NativeMethodAccessorImpl.invoke(NativeMethodAccessorImpl.java:64)
	at java.base/jdk.internal.reflect.DelegatingMethodAccessorImpl.invoke(DelegatingMethodAccessorImpl.java:43)
	at java.base/java.lang.reflect.Method.invoke(Method.java:564)
	at org.gradle.internal.dispatch.ReflectionDispatch.dispatch(ReflectionDispatch.java:36)
	at org.gradle.internal.dispatch.ReflectionDispatch.dispatch(ReflectionDispatch.java:24)
	at org.gradle.internal.dispatch.ContextClassLoaderDispatch.dispatch(ContextClassLoaderDispatch.java:33)
	at org.gradle.internal.dispatch.ProxyDispatchAdapter$DispatchingInvocationHandler.invoke(ProxyDispatchAdapter.java:94)
	at com.sun.proxy.$Proxy2.stop(Unknown Source)
	at org.gradle.api.internal.tasks.testing.worker.TestWorker.stop(TestWorker.java:132)
	at java.base/jdk.internal.reflect.NativeMethodAccessorImpl.invoke0(Native Method)
	at java.base/jdk.internal.reflect.NativeMethodAccessorImpl.invoke(NativeMethodAccessorImpl.java:64)
	at java.base/jdk.internal.reflect.DelegatingMethodAccessorImpl.invoke(DelegatingMethodAccessorImpl.java:43)
	at java.base/java.lang.reflect.Method.invoke(Method.java:564)
	at org.gradle.internal.dispatch.ReflectionDispatch.dispatch(ReflectionDispatch.java:36)
	at org.gradle.internal.dispatch.ReflectionDispatch.dispatch(ReflectionDispatch.java:24)
	at org.gradle.internal.remote.internal.hub.MessageHubBackedObjectConnection$DispatchWrapper.dispatch(MessageHubBackedObjectConnection.java:182)
	at org.gradle.internal.remote.internal.hub.MessageHubBackedObjectConnection$DispatchWrapper.dispatch(MessageHubBackedObjectConnection.java:164)
	at org.gradle.internal.remote.internal.hub.MessageHub$Handler.run(MessageHub.java:413)
	at org.gradle.internal.concurrent.ExecutorPolicy$CatchAndRecordFailures.onExecute(ExecutorPolicy.java:64)
	at org.gradle.internal.concurrent.ManagedExecutorImpl$1.run(ManagedExecutorImpl.java:48)
	at java.base/java.util.concurrent.ThreadPoolExecutor.runWorker(ThreadPoolExecutor.java:1130)
	at java.base/java.util.concurrent.ThreadPoolExecutor$Worker.run(ThreadPoolExecutor.java:630)
	at org.gradle.internal.concurrent.ThreadFactoryImpl$ManagedThreadRunnable.run(ThreadFactoryImpl.java:56)
	at java.base/java.lang.Thread.run(Thread.java:832)
15:07:06.364 [Test worker] DEBUG io.netty.util.internal.PlatformDependent0 - java.nio.Bits.unaligned: available, true
15:07:06.368 [Test worker] DEBUG io.netty.util.internal.PlatformDependent0 - jdk.internal.misc.Unsafe.allocateUninitializedArray(int): unavailable
java.lang.IllegalAccessException: class io.netty.util.internal.PlatformDependent0$6 cannot access class jdk.internal.misc.Unsafe (in module java.base) because module java.base does not export jdk.internal.misc to unnamed module @4bdcc39e
	at java.base/jdk.internal.reflect.Reflection.newIllegalAccessException(Reflection.java:385)
	at java.base/java.lang.reflect.AccessibleObject.checkAccess(AccessibleObject.java:693)
	at java.base/java.lang.reflect.Method.invoke(Method.java:556)
	at io.netty.util.internal.PlatformDependent0$6.run(PlatformDependent0.java:347)
	at java.base/java.security.AccessController.doPrivileged(AccessController.java:312)
	at io.netty.util.internal.PlatformDependent0.<clinit>(PlatformDependent0.java:338)
	at io.netty.util.internal.PlatformDependent.isAndroid(PlatformDependent.java:289)
	at io.netty.util.internal.PlatformDependent.<clinit>(PlatformDependent.java:92)
	at io.netty.util.HashedWheelTimer.<init>(HashedWheelTimer.java:109)
	at io.netty.util.HashedWheelTimer.<init>(HashedWheelTimer.java:218)
	at io.netty.util.HashedWheelTimer.<init>(HashedWheelTimer.java:197)
	at org.asynchttpclient.DefaultAsyncHttpClient.newNettyTimer(DefaultAsyncHttpClient.java:111)
	at org.asynchttpclient.DefaultAsyncHttpClient.<init>(DefaultAsyncHttpClient.java:90)
	at org.asynchttpclient.Dsl.asyncHttpClient(Dsl.java:32)
	at org.openqa.selenium.remote.http.netty.NettyClient.<clinit>(NettyClient.java:39)
	at org.openqa.selenium.remote.http.netty.NettyClient$Factory.createClient(NettyClient.java:86)
	at org.openqa.selenium.remote.http.HttpClient$Factory.createClient(HttpClient.java:80)
	at org.openqa.selenium.remote.HttpCommandExecutor.<init>(HttpCommandExecutor.java:89)
	at org.openqa.selenium.remote.HttpCommandExecutor.<init>(HttpCommandExecutor.java:72)
	at org.openqa.selenium.remote.service.DriverCommandExecutor.<init>(DriverCommandExecutor.java:63)
	at org.openqa.selenium.chromium.ChromiumDriverCommandExecutor.<init>(ChromiumDriverCommandExecutor.java:78)
	at org.openqa.selenium.chrome.ChromeDriver.<init>(ChromeDriver.java:163)
	at org.openqa.selenium.chrome.ChromeDriver.<init>(ChromeDriver.java:150)
	at org.openqa.selenium.chrome.ChromeDriver.<init>(ChromeDriver.java:105)
	at ru.stqa.pft.mantis.appmanager.ApplicationManager.getDriver(ApplicationManager.java:70)
	at ru.stqa.pft.mantis.appmanager.HelperBase.<init>(HelperBase.java:17)
	at ru.stqa.pft.mantis.appmanager.PasswordChangeHelper.<init>(PasswordChangeHelper.java:8)
	at ru.stqa.pft.mantis.appmanager.ApplicationManager.passChange(ApplicationManager.java:96)
	at ru.stqa.pft.mantis.tests.PasswordChangeTests.passwordChange(PasswordChangeTests.java:23)
	at java.base/jdk.internal.reflect.NativeMethodAccessorImpl.invoke0(Native Method)
	at java.base/jdk.internal.reflect.NativeMethodAccessorImpl.invoke(NativeMethodAccessorImpl.java:64)
	at java.base/jdk.internal.reflect.DelegatingMethodAccessorImpl.invoke(DelegatingMethodAccessorImpl.java:43)
	at java.base/java.lang.reflect.Method.invoke(Method.java:564)
	at org.testng.internal.MethodInvocationHelper.invokeMethod(MethodInvocationHelper.java:134)
	at org.testng.internal.TestInvoker.invokeMethod(TestInvoker.java:597)
	at org.testng.internal.TestInvoker.invokeTestMethod(TestInvoker.java:173)
	at org.testng.internal.MethodRunner.runInSequence(MethodRunner.java:46)
	at org.testng.internal.TestInvoker$MethodInvocationAgent.invoke(TestInvoker.java:816)
	at org.testng.internal.TestInvoker.invokeTestMethods(TestInvoker.java:146)
	at org.testng.internal.TestMethodWorker.invokeTestMethods(TestMethodWorker.java:146)
	at org.testng.internal.TestMethodWorker.run(TestMethodWorker.java:128)
	at java.base/java.util.ArrayList.forEach(ArrayList.java:1511)
	at org.testng.TestRunner.privateRun(TestRunner.java:766)
	at org.testng.TestRunner.run(TestRunner.java:587)
	at org.testng.SuiteRunner.runTest(SuiteRunner.java:384)
	at org.testng.SuiteRunner.runSequentially(SuiteRunner.java:378)
	at org.testng.SuiteRunner.privateRun(SuiteRunner.java:337)
	at org.testng.SuiteRunner.run(SuiteRunner.java:286)
	at org.testng.SuiteRunnerWorker.runSuite(SuiteRunnerWorker.java:53)
	at org.testng.SuiteRunnerWorker.run(SuiteRunnerWorker.java:96)
	at org.testng.TestNG.runSuitesSequentially(TestNG.java:1187)
	at org.testng.TestNG.runSuitesLocally(TestNG.java:1109)
	at org.testng.TestNG.runSuites(TestNG.java:1039)
	at org.testng.TestNG.run(TestNG.java:1007)
	at org.gradle.api.internal.tasks.testing.testng.TestNGTestClassProcessor.runTests(TestNGTestClassProcessor.java:141)
	at org.gradle.api.internal.tasks.testing.testng.TestNGTestClassProcessor.stop(TestNGTestClassProcessor.java:90)
	at org.gradle.api.internal.tasks.testing.SuiteTestClassProcessor.stop(SuiteTestClassProcessor.java:61)
	at java.base/jdk.internal.reflect.NativeMethodAccessorImpl.invoke0(Native Method)
	at java.base/jdk.internal.reflect.NativeMethodAccessorImpl.invoke(NativeMethodAccessorImpl.java:64)
	at java.base/jdk.internal.reflect.DelegatingMethodAccessorImpl.invoke(DelegatingMethodAccessorImpl.java:43)
	at java.base/java.lang.reflect.Method.invoke(Method.java:564)
	at org.gradle.internal.dispatch.ReflectionDispatch.dispatch(ReflectionDispatch.java:36)
	at org.gradle.internal.dispatch.ReflectionDispatch.dispatch(ReflectionDispatch.java:24)
	at org.gradle.internal.dispatch.ContextClassLoaderDispatch.dispatch(ContextClassLoaderDispatch.java:33)
	at org.gradle.internal.dispatch.ProxyDispatchAdapter$DispatchingInvocationHandler.invoke(ProxyDispatchAdapter.java:94)
	at com.sun.proxy.$Proxy2.stop(Unknown Source)
	at org.gradle.api.internal.tasks.testing.worker.TestWorker.stop(TestWorker.java:132)
	at java.base/jdk.internal.reflect.NativeMethodAccessorImpl.invoke0(Native Method)
	at java.base/jdk.internal.reflect.NativeMethodAccessorImpl.invoke(NativeMethodAccessorImpl.java:64)
	at java.base/jdk.internal.reflect.DelegatingMethodAccessorImpl.invoke(DelegatingMethodAccessorImpl.java:43)
	at java.base/java.lang.reflect.Method.invoke(Method.java:564)
	at org.gradle.internal.dispatch.ReflectionDispatch.dispatch(ReflectionDispatch.java:36)
	at org.gradle.internal.dispatch.ReflectionDispatch.dispatch(ReflectionDispatch.java:24)
	at org.gradle.internal.remote.internal.hub.MessageHubBackedObjectConnection$DispatchWrapper.dispatch(MessageHubBackedObjectConnection.java:182)
	at org.gradle.internal.remote.internal.hub.MessageHubBackedObjectConnection$DispatchWrapper.dispatch(MessageHubBackedObjectConnection.java:164)
	at org.gradle.internal.remote.internal.hub.MessageHub$Handler.run(MessageHub.java:413)
	at org.gradle.internal.concurrent.ExecutorPolicy$CatchAndRecordFailures.onExecute(ExecutorPolicy.java:64)
	at org.gradle.internal.concurrent.ManagedExecutorImpl$1.run(ManagedExecutorImpl.java:48)
	at java.base/java.util.concurrent.ThreadPoolExecutor.runWorker(ThreadPoolExecutor.java:1130)
	at java.base/java.util.concurrent.ThreadPoolExecutor$Worker.run(ThreadPoolExecutor.java:630)
	at org.gradle.internal.concurrent.ThreadFactoryImpl$ManagedThreadRunnable.run(ThreadFactoryImpl.java:56)
	at java.base/java.lang.Thread.run(Thread.java:832)
15:07:06.371 [Test worker] DEBUG io.netty.util.internal.PlatformDependent0 - java.nio.DirectByteBuffer.<init>(long, int): unavailable
15:07:06.372 [Test worker] DEBUG io.netty.util.internal.PlatformDependent - sun.misc.Unsafe: available
15:07:06.430 [Test worker] DEBUG io.netty.util.internal.PlatformDependent - maxDirectMemory: 536870912 bytes (maybe)
15:07:06.430 [Test worker] DEBUG io.netty.util.internal.PlatformDependent - -Dio.netty.tmpdir: C:\Users\balti\AppData\Local\Temp (java.io.tmpdir)
15:07:06.431 [Test worker] DEBUG io.netty.util.internal.PlatformDependent - -Dio.netty.bitMode: 64 (sun.arch.data.model)
15:07:06.435 [Test worker] DEBUG io.netty.util.internal.PlatformDependent - -Dio.netty.maxDirectMemory: -1 bytes
15:07:06.436 [Test worker] DEBUG io.netty.util.internal.PlatformDependent - -Dio.netty.uninitializedArrayAllocationThreshold: -1
15:07:06.439 [Test worker] DEBUG io.netty.util.internal.CleanerJava9 - java.nio.ByteBuffer.cleaner(): available
15:07:06.439 [Test worker] DEBUG io.netty.util.internal.PlatformDependent - -Dio.netty.noPreferDirect: false
15:07:06.454 [Test worker] DEBUG io.netty.util.internal.PlatformDependent - org.jctools-core.MpscChunkedArrayQueue: available
15:07:07.014 [Test worker] DEBUG io.netty.handler.ssl.JdkSslContext - Default protocols (JDK): [TLSv1.2, TLSv1.1, TLSv1] 
15:07:07.014 [Test worker] DEBUG io.netty.handler.ssl.JdkSslContext - Default cipher suites (JDK): [TLS_ECDHE_ECDSA_WITH_AES_256_GCM_SHA384, TLS_ECDHE_ECDSA_WITH_AES_128_GCM_SHA256, TLS_ECDHE_RSA_WITH_AES_128_GCM_SHA256, TLS_ECDHE_RSA_WITH_AES_256_GCM_SHA384, TLS_ECDHE_RSA_WITH_AES_128_CBC_SHA, TLS_ECDHE_RSA_WITH_AES_256_CBC_SHA, TLS_RSA_WITH_AES_128_GCM_SHA256, TLS_RSA_WITH_AES_128_CBC_SHA, TLS_RSA_WITH_AES_256_CBC_SHA, TLS_AES_128_GCM_SHA256, TLS_AES_256_GCM_SHA384]
15:07:07.078 [Test worker] DEBUG io.netty.util.internal.InternalThreadLocalMap - -Dio.netty.threadLocalMap.stringBuilder.initialSize: 1024
15:07:07.078 [Test worker] DEBUG io.netty.util.internal.InternalThreadLocalMap - -Dio.netty.threadLocalMap.stringBuilder.maxSize: 4096
15:07:07.096 [Test worker] DEBUG io.netty.channel.MultithreadEventLoopGroup - -Dio.netty.eventLoopThreads: 16
15:07:07.113 [Test worker] DEBUG io.netty.channel.nio.NioEventLoop - -Dio.netty.noKeySetOptimization: false
15:07:07.113 [Test worker] DEBUG io.netty.channel.nio.NioEventLoop - -Dio.netty.selectorAutoRebuildThreshold: 512
15:07:07.170 [Test worker] DEBUG io.netty.buffer.PooledByteBufAllocator - -Dio.netty.allocator.numHeapArenas: 5
15:07:07.170 [Test worker] DEBUG io.netty.buffer.PooledByteBufAllocator - -Dio.netty.allocator.numDirectArenas: 5
15:07:07.170 [Test worker] DEBUG io.netty.buffer.PooledByteBufAllocator - -Dio.netty.allocator.pageSize: 8192
15:07:07.170 [Test worker] DEBUG io.netty.buffer.PooledByteBufAllocator - -Dio.netty.allocator.maxOrder: 11
15:07:07.170 [Test worker] DEBUG io.netty.buffer.PooledByteBufAllocator - -Dio.netty.allocator.chunkSize: 16777216
15:07:07.170 [Test worker] DEBUG io.netty.buffer.PooledByteBufAllocator - -Dio.netty.allocator.tinyCacheSize: 512
15:07:07.170 [Test worker] DEBUG io.netty.buffer.PooledByteBufAllocator - -Dio.netty.allocator.smallCacheSize: 256
15:07:07.171 [Test worker] DEBUG io.netty.buffer.PooledByteBufAllocator - -Dio.netty.allocator.normalCacheSize: 64
15:07:07.171 [Test worker] DEBUG io.netty.buffer.PooledByteBufAllocator - -Dio.netty.allocator.maxCachedBufferCapacity: 32768
15:07:07.171 [Test worker] DEBUG io.netty.buffer.PooledByteBufAllocator - -Dio.netty.allocator.cacheTrimInterval: 8192
15:07:07.171 [Test worker] DEBUG io.netty.buffer.PooledByteBufAllocator - -Dio.netty.allocator.cacheTrimIntervalMillis: 0
15:07:07.171 [Test worker] DEBUG io.netty.buffer.PooledByteBufAllocator - -Dio.netty.allocator.useCacheForAllThreads: true
15:07:07.171 [Test worker] DEBUG io.netty.buffer.PooledByteBufAllocator - -Dio.netty.allocator.maxCachedByteBuffersPerChunk: 1023
15:07:07.188 [Test worker] DEBUG io.netty.buffer.ByteBufUtil - -Dio.netty.allocator.type: pooled
15:07:07.189 [Test worker] DEBUG io.netty.buffer.ByteBufUtil - -Dio.netty.threadLocalDirectBufferSize: 0
15:07:07.189 [Test worker] DEBUG io.netty.buffer.ByteBufUtil - -Dio.netty.maxThreadLocalCharBufferSize: 16384
15:07:08.546 [Forwarding newSession on session null to remote] DEBUG io.netty.channel.DefaultChannelId - -Dio.netty.processId: 9968 (auto-detected)
15:07:08.550 [Forwarding newSession on session null to remote] DEBUG io.netty.util.NetUtil - -Djava.net.preferIPv4Stack: false
15:07:08.551 [Forwarding newSession on session null to remote] DEBUG io.netty.util.NetUtil - -Djava.net.preferIPv6Addresses: false
15:07:08.559 [Forwarding newSession on session null to remote] DEBUG io.netty.util.NetUtil - Loopback interface: lo (Software Loopback Interface 1, 127.0.0.1)
15:07:08.561 [Forwarding newSession on session null to remote] DEBUG io.netty.util.NetUtil - Failed to get SOMAXCONN from sysctl and file \proc\sys\net\core\somaxconn. Default: 200
15:07:08.584 [Forwarding newSession on session null to remote] DEBUG io.netty.channel.DefaultChannelId - -Dio.netty.machineId: e4:aa:ea:ff:fe:ef:c0:23 (auto-detected)
15:07:08.714 [AsyncHttpClient-3-1] DEBUG io.netty.buffer.AbstractByteBuf - -Dio.netty.buffer.checkAccessible: true
15:07:08.714 [AsyncHttpClient-3-1] DEBUG io.netty.buffer.AbstractByteBuf - -Dio.netty.buffer.checkBounds: true
15:07:08.714 [AsyncHttpClient-3-1] DEBUG io.netty.util.ResourceLeakDetectorFactory - Loaded default ResourceLeakDetector: io.netty.util.ResourceLeakDetector@6d7ea44
15:07:08.740 [AsyncHttpClient-3-1] DEBUG org.asynchttpclient.netty.channel.NettyConnectListener - Using new Channel '[id: 0x3f98fe67, L:/127.0.0.1:61164 - R:localhost/127.0.0.1:37041]' for 'POST' to '/session'
15:07:08.777 [AsyncHttpClient-3-1] DEBUG io.netty.util.Recycler - -Dio.netty.recycler.maxCapacityPerThread: 4096
15:07:08.777 [AsyncHttpClient-3-1] DEBUG io.netty.util.Recycler - -Dio.netty.recycler.maxSharedCapacityFactor: 2
15:07:08.777 [AsyncHttpClient-3-1] DEBUG io.netty.util.Recycler - -Dio.netty.recycler.linkCapacity: 16
15:07:08.778 [AsyncHttpClient-3-1] DEBUG io.netty.util.Recycler - -Dio.netty.recycler.ratio: 8
15:07:11.411 [AsyncHttpClient-3-1] DEBUG org.asynchttpclient.netty.handler.HttpHandler - 

Request DefaultHttpRequest(decodeResult: success, version: HTTP/1.1)
POST /session HTTP/1.1
User-Agent: selenium/4.0.0-alpha-6 (java windows)
Content-Length: 365
Content-Type: application/json; charset=utf-8
host: localhost:37041
accept: */*

Response DefaultHttpResponse(decodeResult: success, version: HTTP/1.1)
HTTP/1.1 200 OK
Content-Length: 716
Content-Type: application/json; charset=utf-8
cache-control: no-cache

15:07:11.426 [AsyncHttpClient-3-1] DEBUG org.asynchttpclient.netty.channel.ChannelManager - Adding key: http://localhost:37041 for channel [id: 0x3f98fe67, L:/127.0.0.1:61164 - R:localhost/127.0.0.1:37041]
15:07:11.580 [AsyncHttpClient-3-2] DEBUG org.asynchttpclient.netty.channel.NettyConnectListener - Using new Channel '[id: 0x02987d47, L:/127.0.0.1:61173 - R:localhost/127.0.0.1:61165]' for 'GET' to '/json/version'
15:07:11.595 [AsyncHttpClient-3-2] DEBUG org.asynchttpclient.netty.handler.HttpHandler - 

Request DefaultFullHttpRequest(decodeResult: success, version: HTTP/1.1, content: EmptyByteBufBE)
GET /json/version HTTP/1.1
User-Agent: selenium/4.0.0-alpha-6 (java windows)
host: localhost:61165
accept: */*

Response DefaultHttpResponse(decodeResult: success, version: HTTP/1.1)
HTTP/1.1 200 OK
Content-Length: 424
Content-Type: application/json; charset=UTF-8

15:07:11.595 [AsyncHttpClient-3-2] DEBUG org.asynchttpclient.netty.channel.ChannelManager - Adding key: http://localhost:61165 for channel [id: 0x02987d47, L:/127.0.0.1:61173 - R:localhost/127.0.0.1:61165]
15:07:11.611 [Test worker] DEBUG io.netty.util.internal.ThreadLocalRandom - -Dio.netty.initialSeedUniquifier: 0x4961c650e3af9af8
15:07:11.627 [AsyncHttpClient-3-3] DEBUG org.asynchttpclient.netty.channel.NettyConnectListener - Using new Channel '[id: 0xc2d50d04, L:/127.0.0.1:61174 - R:localhost/127.0.0.1:61165]' for 'GET' to '/devtools/browser/3ad00659-742c-42ca-832c-be5171881e6c'
15:07:11.633 [AsyncHttpClient-3-3] DEBUG org.asynchttpclient.netty.handler.WebSocketHandler - 

Request DefaultFullHttpRequest(decodeResult: success, version: HTTP/1.1, content: EmptyByteBufBE)
GET /devtools/browser/3ad00659-742c-42ca-832c-be5171881e6c HTTP/1.1
upgrade: websocket
connection: upgrade
sec-websocket-key: tFsuyBg3aF4f4c2eTO2DMQ==
sec-websocket-version: 13
origin: http://localhost:61165
host: localhost:61165
accept: */*
user-agent: AHC/2.1

Response DefaultHttpResponse(decodeResult: success, version: HTTP/1.1)
HTTP/1.1 101 WebSocket Protocol Handshake
Upgrade: WebSocket
Connection: Upgrade
Sec-WebSocket-Accept: Cz5httR8PUCXvapQl22fgrX5I1o=

15:07:11.665 [Forwarding setTimeout on session 927662e4d4588da778c3ce8412926811 to remote] DEBUG org.asynchttpclient.netty.request.NettyRequestSender - Using pooled Channel '[id: 0x3f98fe67, L:/127.0.0.1:61164 - R:localhost/127.0.0.1:37041]' for 'POST' to 'http://localhost:37041/session/927662e4d4588da778c3ce8412926811/timeouts'
15:07:11.665 [Forwarding setTimeout on session 927662e4d4588da778c3ce8412926811 to remote] DEBUG org.asynchttpclient.netty.request.NettyRequestSender - Using open Channel [id: 0x3f98fe67, L:/127.0.0.1:61164 - R:localhost/127.0.0.1:37041] for POST '/session/927662e4d4588da778c3ce8412926811/timeouts'
15:07:11.680 [AsyncHttpClient-3-1] DEBUG org.asynchttpclient.netty.handler.HttpHandler - 

Request DefaultHttpRequest(decodeResult: success, version: HTTP/1.1)
POST /session/927662e4d4588da778c3ce8412926811/timeouts HTTP/1.1
User-Agent: selenium/4.0.0-alpha-6 (java windows)
Content-Length: 23
Content-Type: application/json; charset=utf-8
host: localhost:37041
accept: */*

Response DefaultHttpResponse(decodeResult: success, version: HTTP/1.1)
HTTP/1.1 200 OK
Content-Length: 14
Content-Type: application/json; charset=utf-8
cache-control: no-cache

15:07:11.680 [AsyncHttpClient-3-1] DEBUG org.asynchttpclient.netty.channel.ChannelManager - Adding key: http://localhost:37041 for channel [id: 0x3f98fe67, L:/127.0.0.1:61164 - R:localhost/127.0.0.1:37041]
15:07:11.680 [Forwarding get on session 927662e4d4588da778c3ce8412926811 to remote] DEBUG org.asynchttpclient.netty.request.NettyRequestSender - Using pooled Channel '[id: 0x3f98fe67, L:/127.0.0.1:61164 - R:localhost/127.0.0.1:37041]' for 'POST' to 'http://localhost:37041/session/927662e4d4588da778c3ce8412926811/url'
15:07:11.680 [Forwarding get on session 927662e4d4588da778c3ce8412926811 to remote] DEBUG org.asynchttpclient.netty.request.NettyRequestSender - Using open Channel [id: 0x3f98fe67, L:/127.0.0.1:61164 - R:localhost/127.0.0.1:37041] for POST '/session/927662e4d4588da778c3ce8412926811/url'
15:07:12.080 [AsyncHttpClient-3-1] DEBUG org.asynchttpclient.netty.handler.HttpHandler - 

Request DefaultHttpRequest(decodeResult: success, version: HTTP/1.1)
POST /session/927662e4d4588da778c3ce8412926811/url HTTP/1.1
User-Agent: selenium/4.0.0-alpha-6 (java windows)
Content-Length: 62
Content-Type: application/json; charset=utf-8
host: localhost:37041
accept: */*

Response DefaultHttpResponse(decodeResult: success, version: HTTP/1.1)
HTTP/1.1 200 OK
Content-Length: 14
Content-Type: application/json; charset=utf-8
cache-control: no-cache

15:07:12.082 [AsyncHttpClient-3-1] DEBUG org.asynchttpclient.netty.channel.ChannelManager - Adding key: http://localhost:37041 for channel [id: 0x3f98fe67, L:/127.0.0.1:61164 - R:localhost/127.0.0.1:37041]
15:07:12.087 [Forwarding findElement on session 927662e4d4588da778c3ce8412926811 to remote] DEBUG org.asynchttpclient.netty.request.NettyRequestSender - Using pooled Channel '[id: 0x3f98fe67, L:/127.0.0.1:61164 - R:localhost/127.0.0.1:37041]' for 'POST' to 'http://localhost:37041/session/927662e4d4588da778c3ce8412926811/element'
15:07:12.087 [Forwarding findElement on session 927662e4d4588da778c3ce8412926811 to remote] DEBUG org.asynchttpclient.netty.request.NettyRequestSender - Using open Channel [id: 0x3f98fe67, L:/127.0.0.1:61164 - R:localhost/127.0.0.1:37041] for POST '/session/927662e4d4588da778c3ce8412926811/element'
15:07:12.102 [AsyncHttpClient-3-1] DEBUG org.asynchttpclient.netty.handler.HttpHandler - 

Request DefaultHttpRequest(decodeResult: success, version: HTTP/1.1)
POST /session/927662e4d4588da778c3ce8412926811/element HTTP/1.1
User-Agent: selenium/4.0.0-alpha-6 (java windows)
Content-Length: 62
Content-Type: application/json; charset=utf-8
host: localhost:37041
accept: */*

Response DefaultHttpResponse(decodeResult: success, version: HTTP/1.1)
HTTP/1.1 200 OK
Content-Length: 88
Content-Type: application/json; charset=utf-8
cache-control: no-cache

15:07:12.102 [AsyncHttpClient-3-1] DEBUG org.asynchttpclient.netty.channel.ChannelManager - Adding key: http://localhost:37041 for channel [id: 0x3f98fe67, L:/127.0.0.1:61164 - R:localhost/127.0.0.1:37041]
15:07:12.118 [Forwarding clickElement on session 927662e4d4588da778c3ce8412926811 to remote] DEBUG org.asynchttpclient.netty.request.NettyRequestSender - Using pooled Channel '[id: 0x3f98fe67, L:/127.0.0.1:61164 - R:localhost/127.0.0.1:37041]' for 'POST' to 'http://localhost:37041/session/927662e4d4588da778c3ce8412926811/element/890dbabd-f482-4418-a915-a0b2783032d8/click'
15:07:12.118 [Forwarding clickElement on session 927662e4d4588da778c3ce8412926811 to remote] DEBUG org.asynchttpclient.netty.request.NettyRequestSender - Using open Channel [id: 0x3f98fe67, L:/127.0.0.1:61164 - R:localhost/127.0.0.1:37041] for POST '/session/927662e4d4588da778c3ce8412926811/element/890dbabd-f482-4418-a915-a0b2783032d8/click'
15:07:12.172 [AsyncHttpClient-3-1] DEBUG org.asynchttpclient.netty.handler.HttpHandler - 

Request DefaultHttpRequest(decodeResult: success, version: HTTP/1.1)
POST /session/927662e4d4588da778c3ce8412926811/element/890dbabd-f482-4418-a915-a0b2783032d8/click HTTP/1.1
User-Agent: selenium/4.0.0-alpha-6 (java windows)
Content-Length: 50
Content-Type: application/json; charset=utf-8
host: localhost:37041
accept: */*

Response DefaultHttpResponse(decodeResult: success, version: HTTP/1.1)
HTTP/1.1 200 OK
Content-Length: 14
Content-Type: application/json; charset=utf-8
cache-control: no-cache

15:07:12.173 [AsyncHttpClient-3-1] DEBUG org.asynchttpclient.netty.channel.ChannelManager - Adding key: http://localhost:37041 for channel [id: 0x3f98fe67, L:/127.0.0.1:61164 - R:localhost/127.0.0.1:37041]
15:07:12.176 [Forwarding findElement on session 927662e4d4588da778c3ce8412926811 to remote] DEBUG org.asynchttpclient.netty.request.NettyRequestSender - Using pooled Channel '[id: 0x3f98fe67, L:/127.0.0.1:61164 - R:localhost/127.0.0.1:37041]' for 'POST' to 'http://localhost:37041/session/927662e4d4588da778c3ce8412926811/element'
15:07:12.177 [Forwarding findElement on session 927662e4d4588da778c3ce8412926811 to remote] DEBUG org.asynchttpclient.netty.request.NettyRequestSender - Using open Channel [id: 0x3f98fe67, L:/127.0.0.1:61164 - R:localhost/127.0.0.1:37041] for POST '/session/927662e4d4588da778c3ce8412926811/element'
15:07:12.188 [AsyncHttpClient-3-1] DEBUG org.asynchttpclient.netty.handler.HttpHandler - 

Request DefaultHttpRequest(decodeResult: success, version: HTTP/1.1)
POST /session/927662e4d4588da778c3ce8412926811/element HTTP/1.1
User-Agent: selenium/4.0.0-alpha-6 (java windows)
Content-Length: 62
Content-Type: application/json; charset=utf-8
host: localhost:37041
accept: */*

Response DefaultHttpResponse(decodeResult: success, version: HTTP/1.1)
HTTP/1.1 200 OK
Content-Length: 88
Content-Type: application/json; charset=utf-8
cache-control: no-cache

15:07:12.189 [AsyncHttpClient-3-1] DEBUG org.asynchttpclient.netty.channel.ChannelManager - Adding key: http://localhost:37041 for channel [id: 0x3f98fe67, L:/127.0.0.1:61164 - R:localhost/127.0.0.1:37041]
15:07:12.222 [Forwarding getElementAttribute on session 927662e4d4588da778c3ce8412926811 to remote] DEBUG org.asynchttpclient.netty.request.NettyRequestSender - Using pooled Channel '[id: 0x3f98fe67, L:/127.0.0.1:61164 - R:localhost/127.0.0.1:37041]' for 'POST' to 'http://localhost:37041/session/927662e4d4588da778c3ce8412926811/execute/sync'
15:07:12.222 [Forwarding getElementAttribute on session 927662e4d4588da778c3ce8412926811 to remote] DEBUG org.asynchttpclient.netty.request.NettyRequestSender - Using open Channel [id: 0x3f98fe67, L:/127.0.0.1:61164 - R:localhost/127.0.0.1:37041] for POST '/session/927662e4d4588da778c3ce8412926811/execute/sync'
15:07:12.238 [AsyncHttpClient-3-1] DEBUG org.asynchttpclient.netty.handler.HttpHandler - 

Request DefaultHttpRequest(decodeResult: success, version: HTTP/1.1)
POST /session/927662e4d4588da778c3ce8412926811/execute/sync HTTP/1.1
User-Agent: selenium/4.0.0-alpha-6 (java windows)
Content-Length: 39635
Content-Type: application/json; charset=utf-8
host: localhost:37041
accept: */*

Response DefaultHttpResponse(decodeResult: success, version: HTTP/1.1)
HTTP/1.1 200 OK
Content-Length: 12
Content-Type: application/json; charset=utf-8
cache-control: no-cache

15:07:12.239 [AsyncHttpClient-3-1] DEBUG org.asynchttpclient.netty.channel.ChannelManager - Adding key: http://localhost:37041 for channel [id: 0x3f98fe67, L:/127.0.0.1:61164 - R:localhost/127.0.0.1:37041]
15:07:12.242 [Forwarding findElement on session 927662e4d4588da778c3ce8412926811 to remote] DEBUG org.asynchttpclient.netty.request.NettyRequestSender - Using pooled Channel '[id: 0x3f98fe67, L:/127.0.0.1:61164 - R:localhost/127.0.0.1:37041]' for 'POST' to 'http://localhost:37041/session/927662e4d4588da778c3ce8412926811/element'
15:07:12.243 [Forwarding findElement on session 927662e4d4588da778c3ce8412926811 to remote] DEBUG org.asynchttpclient.netty.request.NettyRequestSender - Using open Channel [id: 0x3f98fe67, L:/127.0.0.1:61164 - R:localhost/127.0.0.1:37041] for POST '/session/927662e4d4588da778c3ce8412926811/element'
15:07:12.251 [AsyncHttpClient-3-1] DEBUG org.asynchttpclient.netty.handler.HttpHandler - 

Request DefaultHttpRequest(decodeResult: success, version: HTTP/1.1)
POST /session/927662e4d4588da778c3ce8412926811/element HTTP/1.1
User-Agent: selenium/4.0.0-alpha-6 (java windows)
Content-Length: 62
Content-Type: application/json; charset=utf-8
host: localhost:37041
accept: */*

Response DefaultHttpResponse(decodeResult: success, version: HTTP/1.1)
HTTP/1.1 200 OK
Content-Length: 88
Content-Type: application/json; charset=utf-8
cache-control: no-cache

15:07:12.251 [AsyncHttpClient-3-1] DEBUG org.asynchttpclient.netty.channel.ChannelManager - Adding key: http://localhost:37041 for channel [id: 0x3f98fe67, L:/127.0.0.1:61164 - R:localhost/127.0.0.1:37041]
15:07:12.255 [Forwarding clearElement on session 927662e4d4588da778c3ce8412926811 to remote] DEBUG org.asynchttpclient.netty.request.NettyRequestSender - Using pooled Channel '[id: 0x3f98fe67, L:/127.0.0.1:61164 - R:localhost/127.0.0.1:37041]' for 'POST' to 'http://localhost:37041/session/927662e4d4588da778c3ce8412926811/element/890dbabd-f482-4418-a915-a0b2783032d8/clear'
15:07:12.255 [Forwarding clearElement on session 927662e4d4588da778c3ce8412926811 to remote] DEBUG org.asynchttpclient.netty.request.NettyRequestSender - Using open Channel [id: 0x3f98fe67, L:/127.0.0.1:61164 - R:localhost/127.0.0.1:37041] for POST '/session/927662e4d4588da778c3ce8412926811/element/890dbabd-f482-4418-a915-a0b2783032d8/clear'
15:07:12.281 [AsyncHttpClient-3-1] DEBUG org.asynchttpclient.netty.handler.HttpHandler - 

Request DefaultHttpRequest(decodeResult: success, version: HTTP/1.1)
POST /session/927662e4d4588da778c3ce8412926811/element/890dbabd-f482-4418-a915-a0b2783032d8/clear HTTP/1.1
User-Agent: selenium/4.0.0-alpha-6 (java windows)
Content-Length: 50
Content-Type: application/json; charset=utf-8
host: localhost:37041
accept: */*

Response DefaultHttpResponse(decodeResult: success, version: HTTP/1.1)
HTTP/1.1 200 OK
Content-Length: 14
Content-Type: application/json; charset=utf-8
cache-control: no-cache

15:07:12.282 [AsyncHttpClient-3-1] DEBUG org.asynchttpclient.netty.channel.ChannelManager - Adding key: http://localhost:37041 for channel [id: 0x3f98fe67, L:/127.0.0.1:61164 - R:localhost/127.0.0.1:37041]
15:07:12.286 [Forwarding findElement on session 927662e4d4588da778c3ce8412926811 to remote] DEBUG org.asynchttpclient.netty.request.NettyRequestSender - Using pooled Channel '[id: 0x3f98fe67, L:/127.0.0.1:61164 - R:localhost/127.0.0.1:37041]' for 'POST' to 'http://localhost:37041/session/927662e4d4588da778c3ce8412926811/element'
15:07:12.286 [Forwarding findElement on session 927662e4d4588da778c3ce8412926811 to remote] DEBUG org.asynchttpclient.netty.request.NettyRequestSender - Using open Channel [id: 0x3f98fe67, L:/127.0.0.1:61164 - R:localhost/127.0.0.1:37041] for POST '/session/927662e4d4588da778c3ce8412926811/element'
15:07:12.294 [AsyncHttpClient-3-1] DEBUG org.asynchttpclient.netty.handler.HttpHandler - 

Request DefaultHttpRequest(decodeResult: success, version: HTTP/1.1)
POST /session/927662e4d4588da778c3ce8412926811/element HTTP/1.1
User-Agent: selenium/4.0.0-alpha-6 (java windows)
Content-Length: 62
Content-Type: application/json; charset=utf-8
host: localhost:37041
accept: */*

Response DefaultHttpResponse(decodeResult: success, version: HTTP/1.1)
HTTP/1.1 200 OK
Content-Length: 88
Content-Type: application/json; charset=utf-8
cache-control: no-cache

15:07:12.294 [AsyncHttpClient-3-1] DEBUG org.asynchttpclient.netty.channel.ChannelManager - Adding key: http://localhost:37041 for channel [id: 0x3f98fe67, L:/127.0.0.1:61164 - R:localhost/127.0.0.1:37041]
15:07:12.308 [Forwarding sendKeysToElement on session 927662e4d4588da778c3ce8412926811 to remote] DEBUG org.asynchttpclient.netty.request.NettyRequestSender - Using pooled Channel '[id: 0x3f98fe67, L:/127.0.0.1:61164 - R:localhost/127.0.0.1:37041]' for 'POST' to 'http://localhost:37041/session/927662e4d4588da778c3ce8412926811/element/890dbabd-f482-4418-a915-a0b2783032d8/value'
15:07:12.308 [Forwarding sendKeysToElement on session 927662e4d4588da778c3ce8412926811 to remote] DEBUG org.asynchttpclient.netty.request.NettyRequestSender - Using open Channel [id: 0x3f98fe67, L:/127.0.0.1:61164 - R:localhost/127.0.0.1:37041] for POST '/session/927662e4d4588da778c3ce8412926811/element/890dbabd-f482-4418-a915-a0b2783032d8/value'
15:07:12.357 [AsyncHttpClient-3-1] DEBUG org.asynchttpclient.netty.handler.HttpHandler - 

Request DefaultHttpRequest(decodeResult: success, version: HTTP/1.1)
POST /session/927662e4d4588da778c3ce8412926811/element/890dbabd-f482-4418-a915-a0b2783032d8/value HTTP/1.1
User-Agent: selenium/4.0.0-alpha-6 (java windows)
Content-Length: 211
Content-Type: application/json; charset=utf-8
host: localhost:37041
accept: */*

Response DefaultHttpResponse(decodeResult: success, version: HTTP/1.1)
HTTP/1.1 200 OK
Content-Length: 14
Content-Type: application/json; charset=utf-8
cache-control: no-cache

15:07:12.357 [AsyncHttpClient-3-1] DEBUG org.asynchttpclient.netty.channel.ChannelManager - Adding key: http://localhost:37041 for channel [id: 0x3f98fe67, L:/127.0.0.1:61164 - R:localhost/127.0.0.1:37041]
15:07:12.361 [Forwarding findElement on session 927662e4d4588da778c3ce8412926811 to remote] DEBUG org.asynchttpclient.netty.request.NettyRequestSender - Using pooled Channel '[id: 0x3f98fe67, L:/127.0.0.1:61164 - R:localhost/127.0.0.1:37041]' for 'POST' to 'http://localhost:37041/session/927662e4d4588da778c3ce8412926811/element'
15:07:12.361 [Forwarding findElement on session 927662e4d4588da778c3ce8412926811 to remote] DEBUG org.asynchttpclient.netty.request.NettyRequestSender - Using open Channel [id: 0x3f98fe67, L:/127.0.0.1:61164 - R:localhost/127.0.0.1:37041] for POST '/session/927662e4d4588da778c3ce8412926811/element'
15:07:12.373 [AsyncHttpClient-3-1] DEBUG org.asynchttpclient.netty.handler.HttpHandler - 

Request DefaultHttpRequest(decodeResult: success, version: HTTP/1.1)
POST /session/927662e4d4588da778c3ce8412926811/element HTTP/1.1
User-Agent: selenium/4.0.0-alpha-6 (java windows)
Content-Length: 62
Content-Type: application/json; charset=utf-8
host: localhost:37041
accept: */*

Response DefaultHttpResponse(decodeResult: success, version: HTTP/1.1)
HTTP/1.1 200 OK
Content-Length: 88
Content-Type: application/json; charset=utf-8
cache-control: no-cache

15:07:12.374 [AsyncHttpClient-3-1] DEBUG org.asynchttpclient.netty.channel.ChannelManager - Adding key: http://localhost:37041 for channel [id: 0x3f98fe67, L:/127.0.0.1:61164 - R:localhost/127.0.0.1:37041]
15:07:12.377 [Forwarding clickElement on session 927662e4d4588da778c3ce8412926811 to remote] DEBUG org.asynchttpclient.netty.request.NettyRequestSender - Using pooled Channel '[id: 0x3f98fe67, L:/127.0.0.1:61164 - R:localhost/127.0.0.1:37041]' for 'POST' to 'http://localhost:37041/session/927662e4d4588da778c3ce8412926811/element/be30ecea-51c4-4f92-9b27-cf73a7e164dc/click'
15:07:12.378 [Forwarding clickElement on session 927662e4d4588da778c3ce8412926811 to remote] DEBUG org.asynchttpclient.netty.request.NettyRequestSender - Using open Channel [id: 0x3f98fe67, L:/127.0.0.1:61164 - R:localhost/127.0.0.1:37041] for POST '/session/927662e4d4588da778c3ce8412926811/element/be30ecea-51c4-4f92-9b27-cf73a7e164dc/click'
15:07:12.423 [AsyncHttpClient-3-1] DEBUG org.asynchttpclient.netty.handler.HttpHandler - 

Request DefaultHttpRequest(decodeResult: success, version: HTTP/1.1)
POST /session/927662e4d4588da778c3ce8412926811/element/be30ecea-51c4-4f92-9b27-cf73a7e164dc/click HTTP/1.1
User-Agent: selenium/4.0.0-alpha-6 (java windows)
Content-Length: 50
Content-Type: application/json; charset=utf-8
host: localhost:37041
accept: */*

Response DefaultHttpResponse(decodeResult: success, version: HTTP/1.1)
HTTP/1.1 200 OK
Content-Length: 14
Content-Type: application/json; charset=utf-8
cache-control: no-cache

15:07:12.424 [AsyncHttpClient-3-1] DEBUG org.asynchttpclient.netty.channel.ChannelManager - Adding key: http://localhost:37041 for channel [id: 0x3f98fe67, L:/127.0.0.1:61164 - R:localhost/127.0.0.1:37041]
15:07:12.426 [Forwarding findElement on session 927662e4d4588da778c3ce8412926811 to remote] DEBUG org.asynchttpclient.netty.request.NettyRequestSender - Using pooled Channel '[id: 0x3f98fe67, L:/127.0.0.1:61164 - R:localhost/127.0.0.1:37041]' for 'POST' to 'http://localhost:37041/session/927662e4d4588da778c3ce8412926811/element'
15:07:12.427 [Forwarding findElement on session 927662e4d4588da778c3ce8412926811 to remote] DEBUG org.asynchttpclient.netty.request.NettyRequestSender - Using open Channel [id: 0x3f98fe67, L:/127.0.0.1:61164 - R:localhost/127.0.0.1:37041] for POST '/session/927662e4d4588da778c3ce8412926811/element'
15:07:12.435 [AsyncHttpClient-3-1] DEBUG org.asynchttpclient.netty.handler.HttpHandler - 

Request DefaultHttpRequest(decodeResult: success, version: HTTP/1.1)
POST /session/927662e4d4588da778c3ce8412926811/element HTTP/1.1
User-Agent: selenium/4.0.0-alpha-6 (java windows)
Content-Length: 62
Content-Type: application/json; charset=utf-8
host: localhost:37041
accept: */*

Response DefaultHttpResponse(decodeResult: success, version: HTTP/1.1)
HTTP/1.1 200 OK
Content-Length: 88
Content-Type: application/json; charset=utf-8
cache-control: no-cache

15:07:12.436 [AsyncHttpClient-3-1] DEBUG org.asynchttpclient.netty.channel.ChannelManager - Adding key: http://localhost:37041 for channel [id: 0x3f98fe67, L:/127.0.0.1:61164 - R:localhost/127.0.0.1:37041]
15:07:12.445 [Forwarding getElementAttribute on session 927662e4d4588da778c3ce8412926811 to remote] DEBUG org.asynchttpclient.netty.request.NettyRequestSender - Using pooled Channel '[id: 0x3f98fe67, L:/127.0.0.1:61164 - R:localhost/127.0.0.1:37041]' for 'POST' to 'http://localhost:37041/session/927662e4d4588da778c3ce8412926811/execute/sync'
15:07:12.445 [Forwarding getElementAttribute on session 927662e4d4588da778c3ce8412926811 to remote] DEBUG org.asynchttpclient.netty.request.NettyRequestSender - Using open Channel [id: 0x3f98fe67, L:/127.0.0.1:61164 - R:localhost/127.0.0.1:37041] for POST '/session/927662e4d4588da778c3ce8412926811/execute/sync'
15:07:12.458 [AsyncHttpClient-3-1] DEBUG org.asynchttpclient.netty.handler.HttpHandler - 

Request DefaultHttpRequest(decodeResult: success, version: HTTP/1.1)
POST /session/927662e4d4588da778c3ce8412926811/execute/sync HTTP/1.1
User-Agent: selenium/4.0.0-alpha-6 (java windows)
Content-Length: 39635
Content-Type: application/json; charset=utf-8
host: localhost:37041
accept: */*

Response DefaultHttpResponse(decodeResult: success, version: HTTP/1.1)
HTTP/1.1 200 OK
Content-Length: 12
Content-Type: application/json; charset=utf-8
cache-control: no-cache

15:07:12.458 [AsyncHttpClient-3-1] DEBUG org.asynchttpclient.netty.channel.ChannelManager - Adding key: http://localhost:37041 for channel [id: 0x3f98fe67, L:/127.0.0.1:61164 - R:localhost/127.0.0.1:37041]
15:07:12.462 [Forwarding findElement on session 927662e4d4588da778c3ce8412926811 to remote] DEBUG org.asynchttpclient.netty.request.NettyRequestSender - Using pooled Channel '[id: 0x3f98fe67, L:/127.0.0.1:61164 - R:localhost/127.0.0.1:37041]' for 'POST' to 'http://localhost:37041/session/927662e4d4588da778c3ce8412926811/element'
15:07:12.462 [Forwarding findElement on session 927662e4d4588da778c3ce8412926811 to remote] DEBUG org.asynchttpclient.netty.request.NettyRequestSender - Using open Channel [id: 0x3f98fe67, L:/127.0.0.1:61164 - R:localhost/127.0.0.1:37041] for POST '/session/927662e4d4588da778c3ce8412926811/element'
15:07:12.470 [AsyncHttpClient-3-1] DEBUG org.asynchttpclient.netty.handler.HttpHandler - 

Request DefaultHttpRequest(decodeResult: success, version: HTTP/1.1)
POST /session/927662e4d4588da778c3ce8412926811/element HTTP/1.1
User-Agent: selenium/4.0.0-alpha-6 (java windows)
Content-Length: 62
Content-Type: application/json; charset=utf-8
host: localhost:37041
accept: */*

Response DefaultHttpResponse(decodeResult: success, version: HTTP/1.1)
HTTP/1.1 200 OK
Content-Length: 88
Content-Type: application/json; charset=utf-8
cache-control: no-cache

15:07:12.470 [AsyncHttpClient-3-1] DEBUG org.asynchttpclient.netty.channel.ChannelManager - Adding key: http://localhost:37041 for channel [id: 0x3f98fe67, L:/127.0.0.1:61164 - R:localhost/127.0.0.1:37041]
15:07:12.474 [Forwarding clearElement on session 927662e4d4588da778c3ce8412926811 to remote] DEBUG org.asynchttpclient.netty.request.NettyRequestSender - Using pooled Channel '[id: 0x3f98fe67, L:/127.0.0.1:61164 - R:localhost/127.0.0.1:37041]' for 'POST' to 'http://localhost:37041/session/927662e4d4588da778c3ce8412926811/element/be30ecea-51c4-4f92-9b27-cf73a7e164dc/clear'
15:07:12.474 [Forwarding clearElement on session 927662e4d4588da778c3ce8412926811 to remote] DEBUG org.asynchttpclient.netty.request.NettyRequestSender - Using open Channel [id: 0x3f98fe67, L:/127.0.0.1:61164 - R:localhost/127.0.0.1:37041] for POST '/session/927662e4d4588da778c3ce8412926811/element/be30ecea-51c4-4f92-9b27-cf73a7e164dc/clear'
15:07:12.475 [AsyncHttpClient-timer-1-1] DEBUG org.asynchttpclient.netty.channel.DefaultChannelPool - Entry count for : http://localhost:61165 : 1
15:07:12.498 [AsyncHttpClient-3-1] DEBUG org.asynchttpclient.netty.handler.HttpHandler - 

Request DefaultHttpRequest(decodeResult: success, version: HTTP/1.1)
POST /session/927662e4d4588da778c3ce8412926811/element/be30ecea-51c4-4f92-9b27-cf73a7e164dc/clear HTTP/1.1
User-Agent: selenium/4.0.0-alpha-6 (java windows)
Content-Length: 50
Content-Type: application/json; charset=utf-8
host: localhost:37041
accept: */*

Response DefaultHttpResponse(decodeResult: success, version: HTTP/1.1)
HTTP/1.1 200 OK
Content-Length: 14
Content-Type: application/json; charset=utf-8
cache-control: no-cache

15:07:12.498 [AsyncHttpClient-3-1] DEBUG org.asynchttpclient.netty.channel.ChannelManager - Adding key: http://localhost:37041 for channel [id: 0x3f98fe67, L:/127.0.0.1:61164 - R:localhost/127.0.0.1:37041]
15:07:12.500 [Forwarding findElement on session 927662e4d4588da778c3ce8412926811 to remote] DEBUG org.asynchttpclient.netty.request.NettyRequestSender - Using pooled Channel '[id: 0x3f98fe67, L:/127.0.0.1:61164 - R:localhost/127.0.0.1:37041]' for 'POST' to 'http://localhost:37041/session/927662e4d4588da778c3ce8412926811/element'
15:07:12.501 [Forwarding findElement on session 927662e4d4588da778c3ce8412926811 to remote] DEBUG org.asynchttpclient.netty.request.NettyRequestSender - Using open Channel [id: 0x3f98fe67, L:/127.0.0.1:61164 - R:localhost/127.0.0.1:37041] for POST '/session/927662e4d4588da778c3ce8412926811/element'
15:07:12.508 [AsyncHttpClient-3-1] DEBUG org.asynchttpclient.netty.handler.HttpHandler - 

Request DefaultHttpRequest(decodeResult: success, version: HTTP/1.1)
POST /session/927662e4d4588da778c3ce8412926811/element HTTP/1.1
User-Agent: selenium/4.0.0-alpha-6 (java windows)
Content-Length: 62
Content-Type: application/json; charset=utf-8
host: localhost:37041
accept: */*

Response DefaultHttpResponse(decodeResult: success, version: HTTP/1.1)
HTTP/1.1 200 OK
Content-Length: 88
Content-Type: application/json; charset=utf-8
cache-control: no-cache

15:07:12.509 [AsyncHttpClient-3-1] DEBUG org.asynchttpclient.netty.channel.ChannelManager - Adding key: http://localhost:37041 for channel [id: 0x3f98fe67, L:/127.0.0.1:61164 - R:localhost/127.0.0.1:37041]
15:07:12.512 [Forwarding sendKeysToElement on session 927662e4d4588da778c3ce8412926811 to remote] DEBUG org.asynchttpclient.netty.request.NettyRequestSender - Using pooled Channel '[id: 0x3f98fe67, L:/127.0.0.1:61164 - R:localhost/127.0.0.1:37041]' for 'POST' to 'http://localhost:37041/session/927662e4d4588da778c3ce8412926811/element/be30ecea-51c4-4f92-9b27-cf73a7e164dc/value'
15:07:12.513 [Forwarding sendKeysToElement on session 927662e4d4588da778c3ce8412926811 to remote] DEBUG org.asynchttpclient.netty.request.NettyRequestSender - Using open Channel [id: 0x3f98fe67, L:/127.0.0.1:61164 - R:localhost/127.0.0.1:37041] for POST '/session/927662e4d4588da778c3ce8412926811/element/be30ecea-51c4-4f92-9b27-cf73a7e164dc/value'
15:07:12.541 [AsyncHttpClient-3-1] DEBUG org.asynchttpclient.netty.handler.HttpHandler - 

Request DefaultHttpRequest(decodeResult: success, version: HTTP/1.1)
POST /session/927662e4d4588da778c3ce8412926811/element/be30ecea-51c4-4f92-9b27-cf73a7e164dc/value HTTP/1.1
User-Agent: selenium/4.0.0-alpha-6 (java windows)
Content-Length: 121
Content-Type: application/json; charset=utf-8
host: localhost:37041
accept: */*

Response DefaultHttpResponse(decodeResult: success, version: HTTP/1.1)
HTTP/1.1 200 OK
Content-Length: 14
Content-Type: application/json; charset=utf-8
cache-control: no-cache

15:07:12.542 [AsyncHttpClient-3-1] DEBUG org.asynchttpclient.netty.channel.ChannelManager - Adding key: http://localhost:37041 for channel [id: 0x3f98fe67, L:/127.0.0.1:61164 - R:localhost/127.0.0.1:37041]
15:07:12.546 [Forwarding findElement on session 927662e4d4588da778c3ce8412926811 to remote] DEBUG org.asynchttpclient.netty.request.NettyRequestSender - Using pooled Channel '[id: 0x3f98fe67, L:/127.0.0.1:61164 - R:localhost/127.0.0.1:37041]' for 'POST' to 'http://localhost:37041/session/927662e4d4588da778c3ce8412926811/element'
15:07:12.546 [Forwarding findElement on session 927662e4d4588da778c3ce8412926811 to remote] DEBUG org.asynchttpclient.netty.request.NettyRequestSender - Using open Channel [id: 0x3f98fe67, L:/127.0.0.1:61164 - R:localhost/127.0.0.1:37041] for POST '/session/927662e4d4588da778c3ce8412926811/element'
15:07:12.558 [AsyncHttpClient-3-1] DEBUG org.asynchttpclient.netty.handler.HttpHandler - 

Request DefaultHttpRequest(decodeResult: success, version: HTTP/1.1)
POST /session/927662e4d4588da778c3ce8412926811/element HTTP/1.1
User-Agent: selenium/4.0.0-alpha-6 (java windows)
Content-Length: 64
Content-Type: application/json; charset=utf-8
host: localhost:37041
accept: */*

Response DefaultHttpResponse(decodeResult: success, version: HTTP/1.1)
HTTP/1.1 200 OK
Content-Length: 88
Content-Type: application/json; charset=utf-8
cache-control: no-cache

15:07:12.558 [AsyncHttpClient-3-1] DEBUG org.asynchttpclient.netty.channel.ChannelManager - Adding key: http://localhost:37041 for channel [id: 0x3f98fe67, L:/127.0.0.1:61164 - R:localhost/127.0.0.1:37041]
15:07:12.561 [Forwarding clickElement on session 927662e4d4588da778c3ce8412926811 to remote] DEBUG org.asynchttpclient.netty.request.NettyRequestSender - Using pooled Channel '[id: 0x3f98fe67, L:/127.0.0.1:61164 - R:localhost/127.0.0.1:37041]' for 'POST' to 'http://localhost:37041/session/927662e4d4588da778c3ce8412926811/element/2dd57c2f-03e3-40c5-a87c-9954237b1eeb/click'
15:07:12.561 [Forwarding clickElement on session 927662e4d4588da778c3ce8412926811 to remote] DEBUG org.asynchttpclient.netty.request.NettyRequestSender - Using open Channel [id: 0x3f98fe67, L:/127.0.0.1:61164 - R:localhost/127.0.0.1:37041] for POST '/session/927662e4d4588da778c3ce8412926811/element/2dd57c2f-03e3-40c5-a87c-9954237b1eeb/click'
15:07:12.996 [AsyncHttpClient-3-1] DEBUG org.asynchttpclient.netty.handler.HttpHandler - 

Request DefaultHttpRequest(decodeResult: success, version: HTTP/1.1)
POST /session/927662e4d4588da778c3ce8412926811/element/2dd57c2f-03e3-40c5-a87c-9954237b1eeb/click HTTP/1.1
User-Agent: selenium/4.0.0-alpha-6 (java windows)
Content-Length: 50
Content-Type: application/json; charset=utf-8
host: localhost:37041
accept: */*

Response DefaultHttpResponse(decodeResult: success, version: HTTP/1.1)
HTTP/1.1 200 OK
Content-Length: 14
Content-Type: application/json; charset=utf-8
cache-control: no-cache

15:07:12.996 [AsyncHttpClient-3-1] DEBUG org.asynchttpclient.netty.channel.ChannelManager - Adding key: http://localhost:37041 for channel [id: 0x3f98fe67, L:/127.0.0.1:61164 - R:localhost/127.0.0.1:37041]
15:07:13.000 [Forwarding findElement on session 927662e4d4588da778c3ce8412926811 to remote] DEBUG org.asynchttpclient.netty.request.NettyRequestSender - Using pooled Channel '[id: 0x3f98fe67, L:/127.0.0.1:61164 - R:localhost/127.0.0.1:37041]' for 'POST' to 'http://localhost:37041/session/927662e4d4588da778c3ce8412926811/element'
15:07:13.000 [Forwarding findElement on session 927662e4d4588da778c3ce8412926811 to remote] DEBUG org.asynchttpclient.netty.request.NettyRequestSender - Using open Channel [id: 0x3f98fe67, L:/127.0.0.1:61164 - R:localhost/127.0.0.1:37041] for POST '/session/927662e4d4588da778c3ce8412926811/element'
15:07:13.014 [AsyncHttpClient-3-1] DEBUG org.asynchttpclient.netty.handler.HttpHandler - 

Request DefaultHttpRequest(decodeResult: success, version: HTTP/1.1)
POST /session/927662e4d4588da778c3ce8412926811/element HTTP/1.1
User-Agent: selenium/4.0.0-alpha-6 (java windows)
Content-Length: 95
Content-Type: application/json; charset=utf-8
host: localhost:37041
accept: */*

Response DefaultHttpResponse(decodeResult: success, version: HTTP/1.1)
HTTP/1.1 200 OK
Content-Length: 88
Content-Type: application/json; charset=utf-8
cache-control: no-cache

15:07:13.015 [AsyncHttpClient-3-1] DEBUG org.asynchttpclient.netty.channel.ChannelManager - Adding key: http://localhost:37041 for channel [id: 0x3f98fe67, L:/127.0.0.1:61164 - R:localhost/127.0.0.1:37041]
15:07:13.018 [Forwarding clickElement on session 927662e4d4588da778c3ce8412926811 to remote] DEBUG org.asynchttpclient.netty.request.NettyRequestSender - Using pooled Channel '[id: 0x3f98fe67, L:/127.0.0.1:61164 - R:localhost/127.0.0.1:37041]' for 'POST' to 'http://localhost:37041/session/927662e4d4588da778c3ce8412926811/element/4d081c6f-02cb-4c91-a394-8065600dc4a1/click'
15:07:13.018 [Forwarding clickElement on session 927662e4d4588da778c3ce8412926811 to remote] DEBUG org.asynchttpclient.netty.request.NettyRequestSender - Using open Channel [id: 0x3f98fe67, L:/127.0.0.1:61164 - R:localhost/127.0.0.1:37041] for POST '/session/927662e4d4588da778c3ce8412926811/element/4d081c6f-02cb-4c91-a394-8065600dc4a1/click'
15:07:13.259 [AsyncHttpClient-3-1] DEBUG org.asynchttpclient.netty.handler.HttpHandler - 

Request DefaultHttpRequest(decodeResult: success, version: HTTP/1.1)
POST /session/927662e4d4588da778c3ce8412926811/element/4d081c6f-02cb-4c91-a394-8065600dc4a1/click HTTP/1.1
User-Agent: selenium/4.0.0-alpha-6 (java windows)
Content-Length: 50
Content-Type: application/json; charset=utf-8
host: localhost:37041
accept: */*

Response DefaultHttpResponse(decodeResult: success, version: HTTP/1.1)
HTTP/1.1 200 OK
Content-Length: 14
Content-Type: application/json; charset=utf-8
cache-control: no-cache

15:07:13.260 [AsyncHttpClient-3-1] DEBUG org.asynchttpclient.netty.channel.ChannelManager - Adding key: http://localhost:37041 for channel [id: 0x3f98fe67, L:/127.0.0.1:61164 - R:localhost/127.0.0.1:37041]
15:07:13.267 [Forwarding findElement on session 927662e4d4588da778c3ce8412926811 to remote] DEBUG org.asynchttpclient.netty.request.NettyRequestSender - Using pooled Channel '[id: 0x3f98fe67, L:/127.0.0.1:61164 - R:localhost/127.0.0.1:37041]' for 'POST' to 'http://localhost:37041/session/927662e4d4588da778c3ce8412926811/element'
15:07:13.268 [Forwarding findElement on session 927662e4d4588da778c3ce8412926811 to remote] DEBUG org.asynchttpclient.netty.request.NettyRequestSender - Using open Channel [id: 0x3f98fe67, L:/127.0.0.1:61164 - R:localhost/127.0.0.1:37041] for POST '/session/927662e4d4588da778c3ce8412926811/element'
15:07:13.285 [AsyncHttpClient-3-1] DEBUG org.asynchttpclient.netty.handler.HttpHandler - 

Request DefaultHttpRequest(decodeResult: success, version: HTTP/1.1)
POST /session/927662e4d4588da778c3ce8412926811/element HTTP/1.1
User-Agent: selenium/4.0.0-alpha-6 (java windows)
Content-Length: 118
Content-Type: application/json; charset=utf-8
host: localhost:37041
accept: */*

Response DefaultHttpResponse(decodeResult: success, version: HTTP/1.1)
HTTP/1.1 200 OK
Content-Length: 88
Content-Type: application/json; charset=utf-8
cache-control: no-cache

15:07:13.286 [AsyncHttpClient-3-1] DEBUG org.asynchttpclient.netty.channel.ChannelManager - Adding key: http://localhost:37041 for channel [id: 0x3f98fe67, L:/127.0.0.1:61164 - R:localhost/127.0.0.1:37041]
15:07:13.290 [Forwarding clickElement on session 927662e4d4588da778c3ce8412926811 to remote] DEBUG org.asynchttpclient.netty.request.NettyRequestSender - Using pooled Channel '[id: 0x3f98fe67, L:/127.0.0.1:61164 - R:localhost/127.0.0.1:37041]' for 'POST' to 'http://localhost:37041/session/927662e4d4588da778c3ce8412926811/element/c1c51112-f50e-422d-8c68-d80b39d15d41/click'
15:07:13.290 [Forwarding clickElement on session 927662e4d4588da778c3ce8412926811 to remote] DEBUG org.asynchttpclient.netty.request.NettyRequestSender - Using open Channel [id: 0x3f98fe67, L:/127.0.0.1:61164 - R:localhost/127.0.0.1:37041] for POST '/session/927662e4d4588da778c3ce8412926811/element/c1c51112-f50e-422d-8c68-d80b39d15d41/click'
15:07:13.515 [AsyncHttpClient-3-1] DEBUG org.asynchttpclient.netty.handler.HttpHandler - 

Request DefaultHttpRequest(decodeResult: success, version: HTTP/1.1)
POST /session/927662e4d4588da778c3ce8412926811/element/c1c51112-f50e-422d-8c68-d80b39d15d41/click HTTP/1.1
User-Agent: selenium/4.0.0-alpha-6 (java windows)
Content-Length: 50
Content-Type: application/json; charset=utf-8
host: localhost:37041
accept: */*

Response DefaultHttpResponse(decodeResult: success, version: HTTP/1.1)
HTTP/1.1 200 OK
Content-Length: 14
Content-Type: application/json; charset=utf-8
cache-control: no-cache

15:07:13.516 [AsyncHttpClient-3-1] DEBUG org.asynchttpclient.netty.channel.ChannelManager - Adding key: http://localhost:37041 for channel [id: 0x3f98fe67, L:/127.0.0.1:61164 - R:localhost/127.0.0.1:37041]
15:07:13.521 [Forwarding findElement on session 927662e4d4588da778c3ce8412926811 to remote] DEBUG org.asynchttpclient.netty.request.NettyRequestSender - Using pooled Channel '[id: 0x3f98fe67, L:/127.0.0.1:61164 - R:localhost/127.0.0.1:37041]' for 'POST' to 'http://localhost:37041/session/927662e4d4588da778c3ce8412926811/element'
15:07:13.522 [Forwarding findElement on session 927662e4d4588da778c3ce8412926811 to remote] DEBUG org.asynchttpclient.netty.request.NettyRequestSender - Using open Channel [id: 0x3f98fe67, L:/127.0.0.1:61164 - R:localhost/127.0.0.1:37041] for POST '/session/927662e4d4588da778c3ce8412926811/element'
15:07:13.535 [AsyncHttpClient-3-1] DEBUG org.asynchttpclient.netty.handler.HttpHandler - 

Request DefaultHttpRequest(decodeResult: success, version: HTTP/1.1)
POST /session/927662e4d4588da778c3ce8412926811/element HTTP/1.1
User-Agent: selenium/4.0.0-alpha-6 (java windows)
Content-Length: 73
Content-Type: application/json; charset=utf-8
host: localhost:37041
accept: */*

Response DefaultHttpResponse(decodeResult: success, version: HTTP/1.1)
HTTP/1.1 200 OK
Content-Length: 88
Content-Type: application/json; charset=utf-8
cache-control: no-cache

15:07:13.536 [AsyncHttpClient-3-1] DEBUG org.asynchttpclient.netty.channel.ChannelManager - Adding key: http://localhost:37041 for channel [id: 0x3f98fe67, L:/127.0.0.1:61164 - R:localhost/127.0.0.1:37041]
15:07:13.539 [Forwarding clickElement on session 927662e4d4588da778c3ce8412926811 to remote] DEBUG org.asynchttpclient.netty.request.NettyRequestSender - Using pooled Channel '[id: 0x3f98fe67, L:/127.0.0.1:61164 - R:localhost/127.0.0.1:37041]' for 'POST' to 'http://localhost:37041/session/927662e4d4588da778c3ce8412926811/element/f4114fd2-00b1-45d0-a115-fa2077a32bb7/click'
15:07:13.539 [Forwarding clickElement on session 927662e4d4588da778c3ce8412926811 to remote] DEBUG org.asynchttpclient.netty.request.NettyRequestSender - Using open Channel [id: 0x3f98fe67, L:/127.0.0.1:61164 - R:localhost/127.0.0.1:37041] for POST '/session/927662e4d4588da778c3ce8412926811/element/f4114fd2-00b1-45d0-a115-fa2077a32bb7/click'
15:07:13.577 [AsyncHttpClient-timer-1-1] DEBUG org.asynchttpclient.netty.channel.DefaultChannelPool - Entry count for : http://localhost:61165 : 1
15:07:14.677 [AsyncHttpClient-timer-1-1] DEBUG org.asynchttpclient.netty.channel.DefaultChannelPool - Entry count for : http://localhost:61165 : 1
15:07:15.774 [AsyncHttpClient-timer-1-1] DEBUG org.asynchttpclient.netty.channel.DefaultChannelPool - Entry count for : http://localhost:61165 : 1
15:07:16.875 [AsyncHttpClient-timer-1-1] DEBUG org.asynchttpclient.netty.channel.DefaultChannelPool - Entry count for : http://localhost:61165 : 1
15:07:17.975 [AsyncHttpClient-timer-1-1] DEBUG org.asynchttpclient.netty.channel.DefaultChannelPool - Entry count for : http://localhost:61165 : 1
15:07:19.074 [AsyncHttpClient-timer-1-1] DEBUG org.asynchttpclient.netty.channel.DefaultChannelPool - Entry count for : http://localhost:61165 : 1
15:07:20.176 [AsyncHttpClient-timer-1-1] DEBUG org.asynchttpclient.netty.channel.DefaultChannelPool - Entry count for : http://localhost:61165 : 1
15:07:21.274 [AsyncHttpClient-timer-1-1] DEBUG org.asynchttpclient.netty.channel.DefaultChannelPool - Entry count for : http://localhost:61165 : 1
15:07:22.374 [AsyncHttpClient-timer-1-1] DEBUG org.asynchttpclient.netty.channel.DefaultChannelPool - Entry count for : http://localhost:61165 : 1
15:07:23.476 [AsyncHttpClient-timer-1-1] DEBUG org.asynchttpclient.netty.channel.DefaultChannelPool - Entry count for : http://localhost:61165 : 1
15:07:24.575 [AsyncHttpClient-timer-1-1] DEBUG org.asynchttpclient.netty.channel.DefaultChannelPool - Entry count for : http://localhost:61165 : 1
15:07:25.674 [AsyncHttpClient-timer-1-1] DEBUG org.asynchttpclient.netty.channel.DefaultChannelPool - Entry count for : http://localhost:61165 : 1
15:07:26.775 [AsyncHttpClient-timer-1-1] DEBUG org.asynchttpclient.netty.channel.DefaultChannelPool - Entry count for : http://localhost:61165 : 1
15:07:27.874 [AsyncHttpClient-timer-1-1] DEBUG org.asynchttpclient.netty.channel.DefaultChannelPool - Entry count for : http://localhost:61165 : 1
15:07:28.975 [AsyncHttpClient-timer-1-1] DEBUG org.asynchttpclient.netty.channel.DefaultChannelPool - Entry count for : http://localhost:61165 : 1
15:07:30.074 [AsyncHttpClient-timer-1-1] DEBUG org.asynchttpclient.netty.channel.DefaultChannelPool - Entry count for : http://localhost:61165 : 1
15:07:31.175 [AsyncHttpClient-timer-1-1] DEBUG org.asynchttpclient.netty.channel.DefaultChannelPool - Entry count for : http://localhost:61165 : 1
15:07:32.276 [AsyncHttpClient-timer-1-1] DEBUG org.asynchttpclient.netty.channel.DefaultChannelPool - Entry count for : http://localhost:61165 : 1
15:07:33.376 [AsyncHttpClient-timer-1-1] DEBUG org.asynchttpclient.netty.channel.DefaultChannelPool - Entry count for : http://localhost:61165 : 1
15:07:34.474 [AsyncHttpClient-timer-1-1] DEBUG org.asynchttpclient.netty.channel.DefaultChannelPool - Entry count for : http://localhost:61165 : 1
15:07:35.575 [AsyncHttpClient-timer-1-1] DEBUG org.asynchttpclient.netty.channel.DefaultChannelPool - Entry count for : http://localhost:61165 : 1
15:07:36.678 [AsyncHttpClient-timer-1-1] DEBUG org.asynchttpclient.netty.channel.DefaultChannelPool - Entry count for : http://localhost:61165 : 1
15:07:37.770 [AsyncHttpClient-3-1] DEBUG org.asynchttpclient.netty.handler.HttpHandler - 

Request DefaultHttpRequest(decodeResult: success, version: HTTP/1.1)
POST /session/927662e4d4588da778c3ce8412926811/element/f4114fd2-00b1-45d0-a115-fa2077a32bb7/click HTTP/1.1
User-Agent: selenium/4.0.0-alpha-6 (java windows)
Content-Length: 50
Content-Type: application/json; charset=utf-8
host: localhost:37041
accept: */*

Response DefaultHttpResponse(decodeResult: success, version: HTTP/1.1)
HTTP/1.1 200 OK
Content-Length: 14
Content-Type: application/json; charset=utf-8
cache-control: no-cache

15:07:37.771 [AsyncHttpClient-3-1] DEBUG org.asynchttpclient.netty.channel.ChannelManager - Adding key: http://localhost:37041 for channel [id: 0x3f98fe67, L:/127.0.0.1:61164 - R:localhost/127.0.0.1:37041]
15:07:44.845 [AsyncHttpClient-timer-1-1] DEBUG org.asynchttpclient.netty.channel.DefaultChannelPool - Entry count for : http://localhost:61165 : 1
15:07:44.845 [AsyncHttpClient-timer-1-1] DEBUG org.asynchttpclient.netty.channel.DefaultChannelPool - Entry count for : http://localhost:37041 : 1
15:07:44.983 [Test worker] DEBUG org.subethamail.smtp.server.CommandHandler - Added command: AUTH
15:07:44.983 [Test worker] DEBUG org.subethamail.smtp.server.CommandHandler - Added command: DATA
15:07:44.983 [Test worker] DEBUG org.subethamail.smtp.server.CommandHandler - Added command: EHLO
15:07:44.983 [Test worker] DEBUG org.subethamail.smtp.server.CommandHandler - Added command: HELO
15:07:44.983 [Test worker] DEBUG org.subethamail.smtp.server.CommandHandler - Added command: HELP
15:07:44.983 [Test worker] DEBUG org.subethamail.smtp.server.CommandHandler - Added command: MAIL
15:07:44.983 [Test worker] DEBUG org.subethamail.smtp.server.CommandHandler - Added command: NOOP
15:07:44.983 [Test worker] DEBUG org.subethamail.smtp.server.CommandHandler - Added command: QUIT
15:07:44.983 [Test worker] DEBUG org.subethamail.smtp.server.CommandHandler - Added command: RCPT
15:07:44.983 [Test worker] DEBUG org.subethamail.smtp.server.CommandHandler - Added command: RSET
15:07:44.983 [Test worker] DEBUG org.subethamail.smtp.server.CommandHandler - Added command: STARTTLS
15:07:44.983 [Test worker] DEBUG org.subethamail.smtp.server.CommandHandler - Added command: VRFY
15:07:45.875 [AsyncHttpClient-timer-1-1] DEBUG org.asynchttpclient.netty.channel.DefaultChannelPool - Entry count for : http://localhost:61165 : 1
15:07:45.875 [AsyncHttpClient-timer-1-1] DEBUG org.asynchttpclient.netty.channel.DefaultChannelPool - Entry count for : http://localhost:37041 : 1
15:07:46.988 [AsyncHttpClient-timer-1-1] DEBUG org.asynchttpclient.netty.channel.DefaultChannelPool - Entry count for : http://localhost:61165 : 1
15:07:46.988 [AsyncHttpClient-timer-1-1] DEBUG org.asynchttpclient.netty.channel.DefaultChannelPool - Entry count for : http://localhost:37041 : 1
15:07:48.085 [AsyncHttpClient-timer-1-1] DEBUG org.asynchttpclient.netty.channel.DefaultChannelPool - Entry count for : http://localhost:61165 : 1
15:07:48.085 [AsyncHttpClient-timer-1-1] DEBUG org.asynchttpclient.netty.channel.DefaultChannelPool - Entry count for : http://localhost:37041 : 1
15:07:49.174 [AsyncHttpClient-timer-1-1] DEBUG org.asynchttpclient.netty.channel.DefaultChannelPool - Entry count for : http://localhost:61165 : 1
15:07:49.174 [AsyncHttpClient-timer-1-1] DEBUG org.asynchttpclient.netty.channel.DefaultChannelPool - Entry count for : http://localhost:37041 : 1
15:07:50.275 [AsyncHttpClient-timer-1-1] DEBUG org.asynchttpclient.netty.channel.DefaultChannelPool - Entry count for : http://localhost:61165 : 1
15:07:50.275 [AsyncHttpClient-timer-1-1] DEBUG org.asynchttpclient.netty.channel.DefaultChannelPool - Entry count for : http://localhost:37041 : 1
15:07:51.374 [AsyncHttpClient-timer-1-1] DEBUG org.asynchttpclient.netty.channel.DefaultChannelPool - Entry count for : http://localhost:61165 : 1
15:07:51.374 [AsyncHttpClient-timer-1-1] DEBUG org.asynchttpclient.netty.channel.DefaultChannelPool - Entry count for : http://localhost:37041 : 1
15:07:52.474 [AsyncHttpClient-timer-1-1] DEBUG org.asynchttpclient.netty.channel.DefaultChannelPool - Entry count for : http://localhost:61165 : 1
15:07:52.474 [AsyncHttpClient-timer-1-1] DEBUG org.asynchttpclient.netty.channel.DefaultChannelPool - Entry count for : http://localhost:37041 : 1
15:07:53.576 [AsyncHttpClient-timer-1-1] DEBUG org.asynchttpclient.netty.channel.DefaultChannelPool - Entry count for : http://localhost:61165 : 1
15:07:53.576 [AsyncHttpClient-timer-1-1] DEBUG org.asynchttpclient.netty.channel.DefaultChannelPool - Entry count for : http://localhost:37041 : 1
15:07:54.674 [AsyncHttpClient-timer-1-1] DEBUG org.asynchttpclient.netty.channel.DefaultChannelPool - Entry count for : http://localhost:61165 : 1
15:07:54.674 [AsyncHttpClient-timer-1-1] DEBUG org.asynchttpclient.netty.channel.DefaultChannelPool - Entry count for : http://localhost:37041 : 1
15:08:04.174 [AsyncHttpClient-timer-1-1] DEBUG org.asynchttpclient.netty.channel.DefaultChannelPool - Entry count for : http://localhost:61165 : 1
15:08:04.174 [AsyncHttpClient-timer-1-1] DEBUG org.asynchttpclient.netty.channel.DefaultChannelPool - Entry count for : http://localhost:37041 : 1
15:08:07.830 [AsyncHttpClient-timer-1-1] DEBUG org.asynchttpclient.netty.channel.DefaultChannelPool - Entry count for : http://localhost:61165 : 1
15:08:07.831 [AsyncHttpClient-timer-1-1] DEBUG org.asynchttpclient.netty.channel.DefaultChannelPool - Entry count for : http://localhost:37041 : 1
15:08:09.501 [AsyncHttpClient-timer-1-1] DEBUG org.asynchttpclient.netty.channel.DefaultChannelPool - Entry count for : http://localhost:61165 : 1
15:08:09.502 [AsyncHttpClient-timer-1-1] DEBUG org.asynchttpclient.netty.channel.DefaultChannelPool - Entry count for : http://localhost:37041 : 1
15:08:10.609 [AsyncHttpClient-timer-1-1] DEBUG org.asynchttpclient.netty.channel.DefaultChannelPool - Entry count for : http://localhost:61165 : 1
15:08:10.609 [AsyncHttpClient-timer-1-1] DEBUG org.asynchttpclient.netty.channel.DefaultChannelPool - Entry count for : http://localhost:37041 : 1
15:08:11.686 [AsyncHttpClient-timer-1-1] DEBUG org.asynchttpclient.netty.channel.DefaultChannelPool - Entry count for : http://localhost:61165 : 1
15:08:12.018 [AsyncHttpClient-timer-1-1] DEBUG org.asynchttpclient.netty.channel.DefaultChannelPool - Entry count for : http://localhost:37041 : 1
15:08:12.277 [AsyncHttpClient-timer-1-1] DEBUG org.asynchttpclient.netty.channel.DefaultChannelPool - Adding Candidate expired Channel [id: 0x02987d47, L:/127.0.0.1:61173 - R:localhost/127.0.0.1:61165] isIdleTimeoutExpired=true isRemotelyClosed=false isTtlExpired=false
15:08:12.491 [AsyncHttpClient-timer-1-1] DEBUG org.asynchttpclient.netty.channel.DefaultChannelPool - Closing Idle Channel [id: 0x02987d47, L:/127.0.0.1:61173 - R:localhost/127.0.0.1:61165]
]]></system-out>
  <system-err><![CDATA[Starting ChromeDriver 86.0.4240.22 (398b0743353ff36fb1b82468f63a3a93b4e2e89e-refs/branch-heads/4240@{#378}) on port 37041
Only local connections are allowed.
Please see https://chromedriver.chromium.org/security-considerations for suggestions on keeping ChromeDriver safe.
ChromeDriver was started successfully.
[1606381629.369][WARNING]: This version of ChromeDriver has not been tested with Chrome version 87.
нояб. 26, 2020 3:07:11 PM org.openqa.selenium.remote.ProtocolHandshake createSession
INFO: Detected dialect: W3C
]]></system-err>
</testsuite>
